2022-02-17 15:06:08,813 - WARNING - Determining parameters from api.h header files
2022-02-17 15:06:08,815 - WARNING - No 'api.h' file found in /Users/kamyar/.cryptotvgen/supercop/crypto_aead/sparkle.
2022-02-17 15:07:44,909 - WARNING - Determining parameters from api.h header files
2022-02-17 15:07:44,910 - WARNING - No 'api.h' file found in /Users/kamyar/.cryptotvgen/supercop/crypto_aead/schwaemm256128v2.
2022-02-17 15:39:11,420 [WARNING ] Multiple api.h files found in the implementation folder: [PosixPath('cref/crypto_aead/schwaemm256128v2/ref/api.h'), PosixPath('cref/crypto_aead/schwaemm256128v2/opt/api.h')].
2022-02-17 16:08:18,136 [CRITICAL] `make -f /Users/kamyar/.cryptotvgen/lwc_cffi.mk CRYPTO_VARIANT=schwaemm256128v2 CRYPTO_TYPE=aead CANDIDATE_PATH=. IMPL_SRC_DIR=ref` failed! (exit code: 2)
2022-02-17 16:10:17,873 [WARNING ] Multiple api.h files found in the implementation folder: [PosixPath('cref/crypto_aead/schwaemm256128v2/ref/api.h'), PosixPath('cref/crypto_aead/schwaemm256128v2/opt/api.h')].
2022-02-17 16:11:11,142 [WARNING ] Multiple api.h files found in the implementation folder: ['cref/crypto_aead/schwaemm256128v2/ref/api.h', 'cref/crypto_aead/schwaemm256128v2/opt/api.h'].
2022-02-17 16:12:02,311 [WARNING ] Multiple api.h files found in the implementation folder: ['cref/crypto_aead/schwaemm256128v2/ref/api.h', 'cref/crypto_aead/schwaemm256128v2/opt/api.h'].
2022-02-17 16:13:34,811 [WARNING ] Multiple api.h files were found in the implementation folder: 
   ['cref/crypto_aead/schwaemm256128v2/ref/api.h', 'cref/crypto_aead/schwaemm256128v2/opt/api.h'].
2022-02-17 16:13:52,200 [WARNING ] Multiple api.h files were found in the implementation folder: ['cref/crypto_aead/schwaemm256128v2/ref/api.h', 'cref/crypto_aead/schwaemm256128v2/opt/api.h'].
2022-02-17 16:14:43,936 [WARNING ] Multiple api.h files were found in the implementation folder: ['cref/crypto_aead/schwaemm256128v2/ref/api.h', 'cref/crypto_aead/schwaemm256128v2/opt/api.h']. Using the cref/crypto_aead/schwaemm256128v2/ref/api.h
2022-06-22 12:50:02,026 [INFO    ] Trying to determine the latest version of SUPERCOP from https://bench.cr.yp.to/supercop.html...
2022-06-22 12:50:02,027 [INFO    ] Last-Modified timestamp from server: Sun, 19 Jun 2022 08:03:48 GMT
2022-06-22 12:50:02,028 [INFO    ] Latest version of SUPERCOP seems to be 20220506 available from https://bench.cr.yp.to/supercop/supercop-20220506.tar.xz
2022-06-22 12:50:02,029 [INFO    ] Downloading supercop from https://bench.cr.yp.to/supercop/supercop-20220506.tar.xz
2022-06-22 12:50:05,116 [INFO    ] Download successfull! Archive saved to /Users/kamyar/.cryptotvgen/cache/supercop-20220506.tar.xz
2022-06-22 12:50:05,121 [INFO    ] decompressing archive and determining the list of files to extract...
2022-06-22 12:50:10,159 [INFO    ] extracting files...
2022-06-22 12:50:11,875 [INFO    ] extraction complete
2022-06-22 12:50:12,879 [INFO    ] moved sources to cryptotvgen data dir
2022-06-22 12:50:12,880 [INFO    ] building all libs in `crypto_aead` and `crypto_hash` subfolders of candidates_dir=/Users/kamyar/.cryptotvgen/supercop 
 variants={('asconhashv12', 'hash'), ('comet64chamv1', 'aead'), ('spook128mu512v2', 'aead'), ('skinnyaeadtk312864v1', 'aead'), ('wageae128v1', 'aead'), ('knot256', 'aead'), ('hyenav1', 'aead'), ('romulust', 'aead'), ('saeaes192a64t64v1', 'aead'), ('spook128su512v1', 'aead'), ('drygascon256k32', 'aead'), ('skinnyhashtk3', 'hash'), ('schwaemm256128v1', 'aead'), ('photonbeetleaead128rate128v1', 'aead'), ('skinnyaeadtk39664v1', 'aead'), ('comet128chamv1', 'aead'), ('saturninctrcascadev2', 'aead'), ('aceae128v1', 'aead'), ('saeaes128a120t64v1', 'aead'), ('paefforkskinnyb128t288n104v1', 'aead'), ('skinnyaeadtk29664v1', 'aead'), ('twegift64locusaeadv1', 'aead'), ('oribatida192v11', 'aead'), ('asconhashav12', 'hash'), ('isapk128v20', 'aead'), ('saeaes128a120t128v1', 'aead'), ('skinnyaeadtk3128128v1', 'aead'), ('ascon80pqv12', 'aead'), ('mixfeed', 'aead'), ('elephant176v1', 'aead'), ('ascon128abi32v12', 'aead'), ('knot512', 'hash'), ('saturninhashv2', 'hash'), ('skinnyaeadtk3128128plusv1', 'aead'), ('saeaes192a120t128v1', 'aead'), ('saeaes128a64t64v1', 'aead'), ('esch384v1', 'hash'), ('drygascon128k32', 'aead'), ('saeaes256a64t128v1', 'aead'), ('romulusm3v1', 'aead'), ('tinyjambu192', 'aead'), ('pyjamask96aeadv1', 'aead'), ('spook128mu512v1', 'aead'), ('asconhashbi32v12', 'hash'), ('gimli24v1', 'hash'), ('isapa128av20', 'aead'), ('skinnyhashtk2', 'hash'), ('spoc64sliscplight192v1', 'aead'), ('asconhashabi32v12', 'hash'), ('sundaegift96v1', 'aead'), ('comet128aesv1', 'aead'), ('acehash256v1', 'hash'), ('twegift64lotusaeadv1', 'aead'), ('esch256v1', 'hash'), ('xoodyakv1', 'aead'), ('spook128mu384v2', 'aead'), ('subterraneanv1', 'hash'), ('knot192', 'aead'), ('spix128v1', 'aead'), ('paefforkskinnyb128t192n48v1', 'aead'), ('spook128su384v1', 'aead'), ('spook128su512v2', 'aead'), ('gimli24v1', 'aead'), ('saeaes128a64t128v1', 'aead'), ('asconxofv12', 'hash'), ('asconxofav12', 'hash'), ('spook128su384v2', 'aead'), ('skinnyaeadtk296128v1', 'aead'), ('knot384', 'hash'), ('orangezestv1', 'aead'), ('estatetwegift128v1', 'aead'), ('romulusm1v1', 'aead'), ('paefforkskinnyb64t192n48v1', 'aead'), ('sundaegift64v1', 'aead'), ('tinyjambu256', 'aead'), ('drygascon256', 'hash'), ('subterraneanv1', 'aead'), ('saeaes256a64t64v1', 'aead'), ('knot128v2', 'aead'), ('isapa128v20', 'aead'), ('romulusm2v1', 'aead'), ('giftcofb128v1', 'aead'), ('skinnyaeadtk396128v1', 'aead'), ('drygascon128k16', 'aead'), ('ascon128v12', 'aead'), ('saeaes192a64t128v1', 'aead'), ('spoc128sliscplight256v1', 'aead'), ('romulusn3v1', 'aead'), ('estatetweaes128v1', 'aead'), ('drygascon128', 'hash'), ('paefforkskinnyb128t256n112v1', 'aead'), ('drygascon128k56', 'aead'), ('ascon128av12', 'aead'), ('ascon128v11', 'aead'), ('knot256v2', 'hash'), ('knot128v1', 'aead'), ('sundaegift0v1', 'aead'), ('pyjamask128aeadv1', 'aead'), ('elephant200v1', 'aead'), ('oribatida256v11', 'aead'), ('ascon128bi32v12', 'aead'), ('schwaemm128128v1', 'aead'), ('ascon96v1', 'aead'), ('isapk128av20', 'aead'), ('romulusn2v1', 'aead'), ('grain128aead', 'aead'), ('elephant160v1', 'aead'), ('ascon128v1', 'aead'), ('photonbeetleaead128rate32v1', 'aead'), ('romulusm1plusv13', 'aead'), ('spook128mu384v1', 'aead'), ('sundaegift128v1', 'aead'), ('knot256v1', 'hash'), ('romulusn', 'aead'), ('ascon128av11', 'aead'), ('schwaemm192192v1', 'aead'), ('tinyjambu128', 'aead'), ('romulusn1plusv13', 'aead'), ('romulusn1v1', 'aead'), ('romulusm', 'aead'), ('photonbeetlehash256rate32v1', 'hash'), ('schwaemm256256v1', 'aead'), ('saeaes256a120t128v1', 'aead'), ('comet64speckv1', 'aead'), ('xoodyakv1', 'hash')}
2022-06-22 12:50:12,880 [INFO    ] building sources in /Users/kamyar/.cryptotvgen/supercop/crypto_hash/asconhashv12/ref
2022-06-22 12:50:14,829 [INFO    ] building sources in /Users/kamyar/.cryptotvgen/supercop/crypto_hash/asconhashv12/aadomn/opt32
2022-06-22 12:50:14,829 [INFO    ] building sources in /Users/kamyar/.cryptotvgen/supercop/crypto_aead/comet64chamv1/ref
2022-06-22 12:50:14,949 [INFO    ] building sources in /Users/kamyar/.cryptotvgen/supercop/crypto_aead/comet64chamv1/aadomn/opt32
2022-06-22 12:50:14,949 [INFO    ] building sources in /Users/kamyar/.cryptotvgen/supercop/crypto_aead/spook128mu512v2/ref
2022-06-22 12:50:15,063 [INFO    ] building sources in /Users/kamyar/.cryptotvgen/supercop/crypto_aead/spook128mu512v2/aadomn/opt32
2022-06-22 12:50:15,063 [INFO    ] building sources in /Users/kamyar/.cryptotvgen/supercop/crypto_aead/skinnyaeadtk312864v1/ref
2022-06-22 12:50:15,219 [INFO    ] building sources in /Users/kamyar/.cryptotvgen/supercop/crypto_aead/skinnyaeadtk312864v1/aadomn/opt32
2022-06-22 12:50:15,219 [INFO    ] building sources in /Users/kamyar/.cryptotvgen/supercop/crypto_aead/wageae128v1/ref
2022-06-22 12:50:15,324 [INFO    ] building sources in /Users/kamyar/.cryptotvgen/supercop/crypto_aead/wageae128v1/aadomn/opt32
2022-06-22 12:50:15,325 [INFO    ] building sources in /Users/kamyar/.cryptotvgen/supercop/crypto_aead/knot256/ref
2022-06-22 12:50:15,398 [INFO    ] building sources in /Users/kamyar/.cryptotvgen/supercop/crypto_aead/knot256/aadomn/opt32
2022-06-22 12:50:15,398 [INFO    ] building sources in /Users/kamyar/.cryptotvgen/supercop/crypto_aead/hyenav1/ref
2022-06-22 12:50:15,507 [INFO    ] building sources in /Users/kamyar/.cryptotvgen/supercop/crypto_aead/hyenav1/aadomn/opt32
2022-06-22 12:50:15,507 [INFO    ] building sources in /Users/kamyar/.cryptotvgen/supercop/crypto_aead/romulust/ref
2022-06-22 12:50:15,507 [INFO    ] building sources in /Users/kamyar/.cryptotvgen/supercop/crypto_aead/romulust/aadomn/opt32
2022-06-22 12:50:15,660 [INFO    ] building sources in /Users/kamyar/.cryptotvgen/supercop/crypto_aead/saeaes192a64t64v1/ref
2022-06-22 12:50:15,743 [INFO    ] building sources in /Users/kamyar/.cryptotvgen/supercop/crypto_aead/saeaes192a64t64v1/aadomn/opt32
2022-06-22 12:50:15,743 [INFO    ] building sources in /Users/kamyar/.cryptotvgen/supercop/crypto_aead/spook128su512v1/ref
2022-06-22 12:50:15,855 [INFO    ] building sources in /Users/kamyar/.cryptotvgen/supercop/crypto_aead/spook128su512v1/aadomn/opt32
2022-06-22 12:50:15,856 [INFO    ] building sources in /Users/kamyar/.cryptotvgen/supercop/crypto_aead/drygascon256k32/ref
2022-06-22 12:50:15,939 [INFO    ] building sources in /Users/kamyar/.cryptotvgen/supercop/crypto_aead/drygascon256k32/aadomn/opt32
2022-06-22 12:50:15,939 [INFO    ] building sources in /Users/kamyar/.cryptotvgen/supercop/crypto_hash/skinnyhashtk3/ref
2022-06-22 12:50:16,089 [INFO    ] building sources in /Users/kamyar/.cryptotvgen/supercop/crypto_hash/skinnyhashtk3/aadomn/opt32
2022-06-22 12:50:16,089 [INFO    ] building sources in /Users/kamyar/.cryptotvgen/supercop/crypto_aead/schwaemm256128v1/ref
2022-06-22 12:50:16,198 [INFO    ] building sources in /Users/kamyar/.cryptotvgen/supercop/crypto_aead/schwaemm256128v1/aadomn/opt32
2022-06-22 12:50:16,199 [INFO    ] building sources in /Users/kamyar/.cryptotvgen/supercop/crypto_aead/photonbeetleaead128rate128v1/ref
2022-06-22 12:50:16,307 [INFO    ] building sources in /Users/kamyar/.cryptotvgen/supercop/crypto_aead/photonbeetleaead128rate128v1/aadomn/opt32
2022-06-22 12:50:16,308 [INFO    ] building sources in /Users/kamyar/.cryptotvgen/supercop/crypto_aead/skinnyaeadtk39664v1/ref
2022-06-22 12:50:16,431 [INFO    ] building sources in /Users/kamyar/.cryptotvgen/supercop/crypto_aead/skinnyaeadtk39664v1/aadomn/opt32
2022-06-22 12:50:16,431 [INFO    ] building sources in /Users/kamyar/.cryptotvgen/supercop/crypto_aead/comet128chamv1/ref
2022-06-22 12:50:16,540 [INFO    ] building sources in /Users/kamyar/.cryptotvgen/supercop/crypto_aead/comet128chamv1/aadomn/opt32
2022-06-22 12:50:16,541 [INFO    ] building sources in /Users/kamyar/.cryptotvgen/supercop/crypto_aead/saturninctrcascadev2/ref
2022-06-22 12:50:16,634 [INFO    ] building sources in /Users/kamyar/.cryptotvgen/supercop/crypto_aead/saturninctrcascadev2/aadomn/opt32
2022-06-22 12:50:16,634 [INFO    ] building sources in /Users/kamyar/.cryptotvgen/supercop/crypto_aead/aceae128v1/ref
2022-06-22 12:50:16,734 [INFO    ] building sources in /Users/kamyar/.cryptotvgen/supercop/crypto_aead/aceae128v1/aadomn/opt32
2022-06-22 12:50:16,735 [INFO    ] building sources in /Users/kamyar/.cryptotvgen/supercop/crypto_aead/saeaes128a120t64v1/ref
2022-06-22 12:50:16,818 [INFO    ] building sources in /Users/kamyar/.cryptotvgen/supercop/crypto_aead/saeaes128a120t64v1/aadomn/opt32
2022-06-22 12:50:16,818 [INFO    ] building sources in /Users/kamyar/.cryptotvgen/supercop/crypto_aead/paefforkskinnyb128t288n104v1/ref
2022-06-22 12:50:16,963 [INFO    ] building sources in /Users/kamyar/.cryptotvgen/supercop/crypto_aead/paefforkskinnyb128t288n104v1/aadomn/opt32
2022-06-22 12:50:16,963 [INFO    ] building sources in /Users/kamyar/.cryptotvgen/supercop/crypto_aead/skinnyaeadtk29664v1/ref
2022-06-22 12:50:17,084 [INFO    ] building sources in /Users/kamyar/.cryptotvgen/supercop/crypto_aead/skinnyaeadtk29664v1/aadomn/opt32
2022-06-22 12:50:17,084 [INFO    ] building sources in /Users/kamyar/.cryptotvgen/supercop/crypto_aead/twegift64locusaeadv1/ref
2022-06-22 12:50:17,174 [INFO    ] building sources in /Users/kamyar/.cryptotvgen/supercop/crypto_aead/twegift64locusaeadv1/aadomn/opt32
2022-06-22 12:50:17,174 [INFO    ] building sources in /Users/kamyar/.cryptotvgen/supercop/crypto_aead/oribatida192v11/ref
2022-06-22 12:50:17,254 [INFO    ] building sources in /Users/kamyar/.cryptotvgen/supercop/crypto_aead/oribatida192v11/aadomn/opt32
2022-06-22 12:50:17,255 [INFO    ] building sources in /Users/kamyar/.cryptotvgen/supercop/crypto_hash/asconhashav12/ref
2022-06-22 12:50:17,337 [INFO    ] building sources in /Users/kamyar/.cryptotvgen/supercop/crypto_hash/asconhashav12/aadomn/opt32
2022-06-22 12:50:17,337 [INFO    ] building sources in /Users/kamyar/.cryptotvgen/supercop/crypto_aead/isapk128v20/ref
2022-06-22 12:50:17,443 [INFO    ] building sources in /Users/kamyar/.cryptotvgen/supercop/crypto_aead/isapk128v20/aadomn/opt32
2022-06-22 12:50:17,444 [INFO    ] building sources in /Users/kamyar/.cryptotvgen/supercop/crypto_aead/saeaes128a120t128v1/ref
2022-06-22 12:50:17,528 [INFO    ] building sources in /Users/kamyar/.cryptotvgen/supercop/crypto_aead/saeaes128a120t128v1/aadomn/opt32
2022-06-22 12:50:17,529 [INFO    ] building sources in /Users/kamyar/.cryptotvgen/supercop/crypto_aead/skinnyaeadtk3128128v1/ref
2022-06-22 12:50:17,642 [INFO    ] building sources in /Users/kamyar/.cryptotvgen/supercop/crypto_aead/skinnyaeadtk3128128v1/aadomn/opt32
2022-06-22 12:50:17,651 [INFO    ] building sources in /Users/kamyar/.cryptotvgen/supercop/crypto_aead/ascon80pqv12/ref
2022-06-22 12:50:17,730 [INFO    ] building sources in /Users/kamyar/.cryptotvgen/supercop/crypto_aead/ascon80pqv12/aadomn/opt32
2022-06-22 12:50:17,731 [INFO    ] building sources in /Users/kamyar/.cryptotvgen/supercop/crypto_aead/mixfeed/ref
2022-06-22 12:50:17,807 [INFO    ] building sources in /Users/kamyar/.cryptotvgen/supercop/crypto_aead/mixfeed/aadomn/opt32
2022-06-22 12:50:17,807 [INFO    ] building sources in /Users/kamyar/.cryptotvgen/supercop/crypto_aead/elephant176v1/ref
2022-06-22 12:50:17,894 [INFO    ] building sources in /Users/kamyar/.cryptotvgen/supercop/crypto_aead/elephant176v1/aadomn/opt32
2022-06-22 12:50:17,894 [INFO    ] building sources in /Users/kamyar/.cryptotvgen/supercop/crypto_aead/ascon128abi32v12/ref
2022-06-22 12:50:17,976 [INFO    ] building sources in /Users/kamyar/.cryptotvgen/supercop/crypto_aead/ascon128abi32v12/aadomn/opt32
2022-06-22 12:50:17,976 [INFO    ] building sources in /Users/kamyar/.cryptotvgen/supercop/crypto_hash/knot512/ref
2022-06-22 12:50:18,046 [INFO    ] building sources in /Users/kamyar/.cryptotvgen/supercop/crypto_hash/knot512/aadomn/opt32
2022-06-22 12:50:18,047 [INFO    ] building sources in /Users/kamyar/.cryptotvgen/supercop/crypto_hash/saturninhashv2/ref
2022-06-22 12:50:18,138 [INFO    ] building sources in /Users/kamyar/.cryptotvgen/supercop/crypto_hash/saturninhashv2/aadomn/opt32
2022-06-22 12:50:18,139 [INFO    ] building sources in /Users/kamyar/.cryptotvgen/supercop/crypto_aead/skinnyaeadtk3128128plusv1/ref
2022-06-22 12:50:18,139 [INFO    ] building sources in /Users/kamyar/.cryptotvgen/supercop/crypto_aead/skinnyaeadtk3128128plusv1/aadomn/opt32
2022-06-22 12:50:18,284 [INFO    ] building sources in /Users/kamyar/.cryptotvgen/supercop/crypto_aead/saeaes192a120t128v1/ref
2022-06-22 12:50:18,363 [INFO    ] building sources in /Users/kamyar/.cryptotvgen/supercop/crypto_aead/saeaes192a120t128v1/aadomn/opt32
2022-06-22 12:50:18,363 [INFO    ] building sources in /Users/kamyar/.cryptotvgen/supercop/crypto_aead/saeaes128a64t64v1/ref
2022-06-22 12:50:18,452 [INFO    ] building sources in /Users/kamyar/.cryptotvgen/supercop/crypto_aead/saeaes128a64t64v1/aadomn/opt32
2022-06-22 12:50:18,453 [INFO    ] building sources in /Users/kamyar/.cryptotvgen/supercop/crypto_hash/esch384v1/ref
2022-06-22 12:50:18,552 [INFO    ] building sources in /Users/kamyar/.cryptotvgen/supercop/crypto_hash/esch384v1/aadomn/opt32
2022-06-22 12:50:18,552 [INFO    ] building sources in /Users/kamyar/.cryptotvgen/supercop/crypto_aead/drygascon128k32/ref
2022-06-22 12:50:18,635 [INFO    ] building sources in /Users/kamyar/.cryptotvgen/supercop/crypto_aead/drygascon128k32/aadomn/opt32
2022-06-22 12:50:18,635 [INFO    ] building sources in /Users/kamyar/.cryptotvgen/supercop/crypto_aead/saeaes256a64t128v1/ref
2022-06-22 12:50:18,724 [INFO    ] building sources in /Users/kamyar/.cryptotvgen/supercop/crypto_aead/saeaes256a64t128v1/aadomn/opt32
2022-06-22 12:50:18,724 [INFO    ] building sources in /Users/kamyar/.cryptotvgen/supercop/crypto_aead/romulusm3v1/ref
2022-06-22 12:50:18,838 [INFO    ] building sources in /Users/kamyar/.cryptotvgen/supercop/crypto_aead/romulusm3v1/aadomn/opt32
2022-06-22 12:50:18,839 [INFO    ] building sources in /Users/kamyar/.cryptotvgen/supercop/crypto_aead/tinyjambu192/ref
2022-06-22 12:50:18,913 [INFO    ] building sources in /Users/kamyar/.cryptotvgen/supercop/crypto_aead/tinyjambu192/aadomn/opt32
2022-06-22 12:50:18,913 [INFO    ] building sources in /Users/kamyar/.cryptotvgen/supercop/crypto_aead/pyjamask96aeadv1/ref
2022-06-22 12:50:19,007 [INFO    ] building sources in /Users/kamyar/.cryptotvgen/supercop/crypto_aead/pyjamask96aeadv1/aadomn/opt32
2022-06-22 12:50:19,007 [INFO    ] building sources in /Users/kamyar/.cryptotvgen/supercop/crypto_aead/spook128mu512v1/ref
2022-06-22 12:50:19,121 [INFO    ] building sources in /Users/kamyar/.cryptotvgen/supercop/crypto_aead/spook128mu512v1/aadomn/opt32
2022-06-22 12:50:19,122 [INFO    ] building sources in /Users/kamyar/.cryptotvgen/supercop/crypto_hash/asconhashbi32v12/ref
2022-06-22 12:50:19,209 [INFO    ] building sources in /Users/kamyar/.cryptotvgen/supercop/crypto_hash/asconhashbi32v12/aadomn/opt32
2022-06-22 12:50:19,209 [INFO    ] building sources in /Users/kamyar/.cryptotvgen/supercop/crypto_hash/gimli24v1/ref
2022-06-22 12:50:19,281 [INFO    ] building sources in /Users/kamyar/.cryptotvgen/supercop/crypto_hash/gimli24v1/aadomn/opt32
2022-06-22 12:50:19,282 [INFO    ] building sources in /Users/kamyar/.cryptotvgen/supercop/crypto_aead/isapa128av20/ref
2022-06-22 12:50:19,390 [INFO    ] building sources in /Users/kamyar/.cryptotvgen/supercop/crypto_aead/isapa128av20/aadomn/opt32
2022-06-22 12:50:19,391 [INFO    ] building sources in /Users/kamyar/.cryptotvgen/supercop/crypto_hash/skinnyhashtk2/ref
2022-06-22 12:50:19,505 [INFO    ] building sources in /Users/kamyar/.cryptotvgen/supercop/crypto_hash/skinnyhashtk2/aadomn/opt32
2022-06-22 12:50:19,506 [INFO    ] building sources in /Users/kamyar/.cryptotvgen/supercop/crypto_aead/spoc64sliscplight192v1/ref
2022-06-22 12:50:19,606 [INFO    ] building sources in /Users/kamyar/.cryptotvgen/supercop/crypto_aead/spoc64sliscplight192v1/aadomn/opt32
2022-06-22 12:50:19,606 [INFO    ] building sources in /Users/kamyar/.cryptotvgen/supercop/crypto_hash/asconhashabi32v12/ref
2022-06-22 12:50:19,689 [INFO    ] building sources in /Users/kamyar/.cryptotvgen/supercop/crypto_hash/asconhashabi32v12/aadomn/opt32
2022-06-22 12:50:19,690 [INFO    ] building sources in /Users/kamyar/.cryptotvgen/supercop/crypto_aead/sundaegift96v1/ref
2022-06-22 12:50:19,794 [INFO    ] building sources in /Users/kamyar/.cryptotvgen/supercop/crypto_aead/sundaegift96v1/aadomn/opt32
2022-06-22 12:50:19,794 [INFO    ] building sources in /Users/kamyar/.cryptotvgen/supercop/crypto_aead/comet128aesv1/ref
2022-06-22 12:50:19,908 [INFO    ] building sources in /Users/kamyar/.cryptotvgen/supercop/crypto_aead/comet128aesv1/aadomn/opt32
2022-06-22 12:50:19,908 [INFO    ] building sources in /Users/kamyar/.cryptotvgen/supercop/crypto_hash/acehash256v1/ref
2022-06-22 12:50:20,005 [INFO    ] building sources in /Users/kamyar/.cryptotvgen/supercop/crypto_hash/acehash256v1/aadomn/opt32
2022-06-22 12:50:20,006 [INFO    ] building sources in /Users/kamyar/.cryptotvgen/supercop/crypto_aead/twegift64lotusaeadv1/ref
2022-06-22 12:50:20,124 [INFO    ] building sources in /Users/kamyar/.cryptotvgen/supercop/crypto_aead/twegift64lotusaeadv1/aadomn/opt32
2022-06-22 12:50:20,125 [INFO    ] building sources in /Users/kamyar/.cryptotvgen/supercop/crypto_hash/esch256v1/ref
2022-06-22 12:50:20,224 [INFO    ] building sources in /Users/kamyar/.cryptotvgen/supercop/crypto_hash/esch256v1/aadomn/opt32
2022-06-22 12:50:20,224 [INFO    ] building sources in /Users/kamyar/.cryptotvgen/supercop/crypto_aead/xoodyakv1/ref
2022-06-22 12:50:20,329 [INFO    ] building sources in /Users/kamyar/.cryptotvgen/supercop/crypto_aead/xoodyakv1/aadomn/opt32
2022-06-22 12:50:20,330 [INFO    ] building sources in /Users/kamyar/.cryptotvgen/supercop/crypto_aead/spook128mu384v2/ref
2022-06-22 12:50:20,440 [INFO    ] building sources in /Users/kamyar/.cryptotvgen/supercop/crypto_aead/spook128mu384v2/aadomn/opt32
2022-06-22 12:50:20,440 [INFO    ] building sources in /Users/kamyar/.cryptotvgen/supercop/crypto_hash/subterraneanv1/ref
2022-06-22 12:50:20,529 [INFO    ] building sources in /Users/kamyar/.cryptotvgen/supercop/crypto_hash/subterraneanv1/aadomn/opt32
2022-06-22 12:50:20,529 [INFO    ] building sources in /Users/kamyar/.cryptotvgen/supercop/crypto_aead/knot192/ref
2022-06-22 12:50:20,597 [INFO    ] building sources in /Users/kamyar/.cryptotvgen/supercop/crypto_aead/knot192/aadomn/opt32
2022-06-22 12:50:20,597 [INFO    ] building sources in /Users/kamyar/.cryptotvgen/supercop/crypto_aead/spix128v1/ref
2022-06-22 12:50:20,702 [INFO    ] building sources in /Users/kamyar/.cryptotvgen/supercop/crypto_aead/spix128v1/aadomn/opt32
2022-06-22 12:50:20,702 [INFO    ] building sources in /Users/kamyar/.cryptotvgen/supercop/crypto_aead/paefforkskinnyb128t192n48v1/ref
2022-06-22 12:50:20,919 [INFO    ] building sources in /Users/kamyar/.cryptotvgen/supercop/crypto_aead/paefforkskinnyb128t192n48v1/aadomn/opt32
2022-06-22 12:50:20,920 [INFO    ] building sources in /Users/kamyar/.cryptotvgen/supercop/crypto_aead/spook128su384v1/ref
2022-06-22 12:50:21,100 [INFO    ] building sources in /Users/kamyar/.cryptotvgen/supercop/crypto_aead/spook128su384v1/aadomn/opt32
2022-06-22 12:50:21,100 [INFO    ] building sources in /Users/kamyar/.cryptotvgen/supercop/crypto_aead/spook128su512v2/ref
2022-06-22 12:50:21,250 [INFO    ] building sources in /Users/kamyar/.cryptotvgen/supercop/crypto_aead/spook128su512v2/aadomn/opt32
2022-06-22 12:50:21,250 [INFO    ] building sources in /Users/kamyar/.cryptotvgen/supercop/crypto_aead/gimli24v1/ref
2022-06-22 12:50:21,333 [INFO    ] building sources in /Users/kamyar/.cryptotvgen/supercop/crypto_aead/gimli24v1/aadomn/opt32
2022-06-22 12:50:21,333 [INFO    ] building sources in /Users/kamyar/.cryptotvgen/supercop/crypto_aead/saeaes128a64t128v1/ref
2022-06-22 12:50:21,420 [INFO    ] building sources in /Users/kamyar/.cryptotvgen/supercop/crypto_aead/saeaes128a64t128v1/aadomn/opt32
2022-06-22 12:50:21,420 [INFO    ] building sources in /Users/kamyar/.cryptotvgen/supercop/crypto_hash/asconxofv12/ref
2022-06-22 12:50:21,503 [INFO    ] building sources in /Users/kamyar/.cryptotvgen/supercop/crypto_hash/asconxofv12/aadomn/opt32
2022-06-22 12:50:21,504 [INFO    ] building sources in /Users/kamyar/.cryptotvgen/supercop/crypto_hash/asconxofav12/ref
2022-06-22 12:50:21,593 [INFO    ] building sources in /Users/kamyar/.cryptotvgen/supercop/crypto_hash/asconxofav12/aadomn/opt32
2022-06-22 12:50:21,594 [INFO    ] building sources in /Users/kamyar/.cryptotvgen/supercop/crypto_aead/spook128su384v2/ref
2022-06-22 12:50:21,706 [INFO    ] building sources in /Users/kamyar/.cryptotvgen/supercop/crypto_aead/spook128su384v2/aadomn/opt32
2022-06-22 12:50:21,707 [INFO    ] building sources in /Users/kamyar/.cryptotvgen/supercop/crypto_aead/skinnyaeadtk296128v1/ref
2022-06-22 12:50:21,826 [INFO    ] building sources in /Users/kamyar/.cryptotvgen/supercop/crypto_aead/skinnyaeadtk296128v1/aadomn/opt32
2022-06-22 12:50:21,826 [INFO    ] building sources in /Users/kamyar/.cryptotvgen/supercop/crypto_hash/knot384/ref
2022-06-22 12:50:21,892 [INFO    ] building sources in /Users/kamyar/.cryptotvgen/supercop/crypto_hash/knot384/aadomn/opt32
2022-06-22 12:50:21,893 [INFO    ] building sources in /Users/kamyar/.cryptotvgen/supercop/crypto_aead/orangezestv1/ref
2022-06-22 12:50:21,971 [INFO    ] building sources in /Users/kamyar/.cryptotvgen/supercop/crypto_aead/orangezestv1/aadomn/opt32
2022-06-22 12:50:21,971 [INFO    ] building sources in /Users/kamyar/.cryptotvgen/supercop/crypto_aead/estatetwegift128v1/ref
2022-06-22 12:50:22,083 [INFO    ] building sources in /Users/kamyar/.cryptotvgen/supercop/crypto_aead/estatetwegift128v1/aadomn/opt32
2022-06-22 12:50:22,083 [INFO    ] building sources in /Users/kamyar/.cryptotvgen/supercop/crypto_aead/romulusm1v1/ref
2022-06-22 12:50:22,234 [INFO    ] building sources in /Users/kamyar/.cryptotvgen/supercop/crypto_aead/romulusm1v1/aadomn/opt32
2022-06-22 12:50:22,245 [INFO    ] building sources in /Users/kamyar/.cryptotvgen/supercop/crypto_aead/paefforkskinnyb64t192n48v1/ref
2022-06-22 12:50:22,424 [INFO    ] building sources in /Users/kamyar/.cryptotvgen/supercop/crypto_aead/paefforkskinnyb64t192n48v1/aadomn/opt32
2022-06-22 12:50:22,425 [INFO    ] building sources in /Users/kamyar/.cryptotvgen/supercop/crypto_aead/sundaegift64v1/ref
2022-06-22 12:50:22,537 [INFO    ] building sources in /Users/kamyar/.cryptotvgen/supercop/crypto_aead/sundaegift64v1/aadomn/opt32
2022-06-22 12:50:22,537 [INFO    ] building sources in /Users/kamyar/.cryptotvgen/supercop/crypto_aead/tinyjambu256/ref
2022-06-22 12:50:22,611 [INFO    ] building sources in /Users/kamyar/.cryptotvgen/supercop/crypto_aead/tinyjambu256/aadomn/opt32
2022-06-22 12:50:22,611 [INFO    ] building sources in /Users/kamyar/.cryptotvgen/supercop/crypto_hash/drygascon256/ref
2022-06-22 12:50:22,691 [INFO    ] building sources in /Users/kamyar/.cryptotvgen/supercop/crypto_hash/drygascon256/aadomn/opt32
2022-06-22 12:50:22,691 [INFO    ] building sources in /Users/kamyar/.cryptotvgen/supercop/crypto_aead/subterraneanv1/ref
2022-06-22 12:50:22,787 [INFO    ] building sources in /Users/kamyar/.cryptotvgen/supercop/crypto_aead/subterraneanv1/aadomn/opt32
2022-06-22 12:50:22,787 [INFO    ] building sources in /Users/kamyar/.cryptotvgen/supercop/crypto_aead/saeaes256a64t64v1/ref
2022-06-22 12:50:22,869 [INFO    ] building sources in /Users/kamyar/.cryptotvgen/supercop/crypto_aead/saeaes256a64t64v1/aadomn/opt32
2022-06-22 12:50:22,869 [INFO    ] building sources in /Users/kamyar/.cryptotvgen/supercop/crypto_aead/knot128v2/ref
2022-06-22 12:50:22,954 [INFO    ] building sources in /Users/kamyar/.cryptotvgen/supercop/crypto_aead/knot128v2/aadomn/opt32
2022-06-22 12:50:22,954 [INFO    ] building sources in /Users/kamyar/.cryptotvgen/supercop/crypto_aead/isapa128v20/ref
2022-06-22 12:50:23,051 [INFO    ] building sources in /Users/kamyar/.cryptotvgen/supercop/crypto_aead/isapa128v20/aadomn/opt32
2022-06-22 12:50:23,052 [INFO    ] building sources in /Users/kamyar/.cryptotvgen/supercop/crypto_aead/romulusm2v1/ref
2022-06-22 12:50:23,168 [INFO    ] building sources in /Users/kamyar/.cryptotvgen/supercop/crypto_aead/romulusm2v1/aadomn/opt32
2022-06-22 12:50:23,169 [INFO    ] building sources in /Users/kamyar/.cryptotvgen/supercop/crypto_aead/giftcofb128v1/ref
2022-06-22 12:50:23,257 [INFO    ] building sources in /Users/kamyar/.cryptotvgen/supercop/crypto_aead/giftcofb128v1/aadomn/opt32
2022-06-22 12:50:23,270 [INFO    ] building sources in /Users/kamyar/.cryptotvgen/supercop/crypto_aead/skinnyaeadtk396128v1/ref
2022-06-22 12:50:23,392 [INFO    ] building sources in /Users/kamyar/.cryptotvgen/supercop/crypto_aead/skinnyaeadtk396128v1/aadomn/opt32
2022-06-22 12:50:23,393 [INFO    ] building sources in /Users/kamyar/.cryptotvgen/supercop/crypto_aead/drygascon128k16/ref
2022-06-22 12:50:23,464 [INFO    ] building sources in /Users/kamyar/.cryptotvgen/supercop/crypto_aead/drygascon128k16/aadomn/opt32
2022-06-22 12:50:23,464 [INFO    ] building sources in /Users/kamyar/.cryptotvgen/supercop/crypto_aead/ascon128v12/ref
2022-06-22 12:50:23,547 [INFO    ] building sources in /Users/kamyar/.cryptotvgen/supercop/crypto_aead/ascon128v12/aadomn/opt32
2022-06-22 12:50:23,547 [INFO    ] building sources in /Users/kamyar/.cryptotvgen/supercop/crypto_aead/saeaes192a64t128v1/ref
2022-06-22 12:50:23,627 [INFO    ] building sources in /Users/kamyar/.cryptotvgen/supercop/crypto_aead/saeaes192a64t128v1/aadomn/opt32
2022-06-22 12:50:23,627 [INFO    ] building sources in /Users/kamyar/.cryptotvgen/supercop/crypto_aead/spoc128sliscplight256v1/ref
2022-06-22 12:50:23,725 [INFO    ] building sources in /Users/kamyar/.cryptotvgen/supercop/crypto_aead/spoc128sliscplight256v1/aadomn/opt32
2022-06-22 12:50:23,726 [INFO    ] building sources in /Users/kamyar/.cryptotvgen/supercop/crypto_aead/romulusn3v1/ref
2022-06-22 12:50:23,831 [INFO    ] building sources in /Users/kamyar/.cryptotvgen/supercop/crypto_aead/romulusn3v1/aadomn/opt32
2022-06-22 12:50:23,831 [INFO    ] building sources in /Users/kamyar/.cryptotvgen/supercop/crypto_aead/estatetweaes128v1/ref
2022-06-22 12:50:23,932 [INFO    ] building sources in /Users/kamyar/.cryptotvgen/supercop/crypto_aead/estatetweaes128v1/aadomn/opt32
2022-06-22 12:50:23,932 [INFO    ] building sources in /Users/kamyar/.cryptotvgen/supercop/crypto_hash/drygascon128/ref
2022-06-22 12:50:24,007 [INFO    ] building sources in /Users/kamyar/.cryptotvgen/supercop/crypto_hash/drygascon128/aadomn/opt32
2022-06-22 12:50:24,008 [INFO    ] building sources in /Users/kamyar/.cryptotvgen/supercop/crypto_aead/paefforkskinnyb128t256n112v1/ref
2022-06-22 12:50:24,152 [INFO    ] building sources in /Users/kamyar/.cryptotvgen/supercop/crypto_aead/paefforkskinnyb128t256n112v1/aadomn/opt32
2022-06-22 12:50:24,152 [INFO    ] building sources in /Users/kamyar/.cryptotvgen/supercop/crypto_aead/drygascon128k56/ref
2022-06-22 12:50:24,225 [INFO    ] building sources in /Users/kamyar/.cryptotvgen/supercop/crypto_aead/drygascon128k56/aadomn/opt32
2022-06-22 12:50:24,226 [INFO    ] building sources in /Users/kamyar/.cryptotvgen/supercop/crypto_aead/ascon128av12/ref
2022-06-22 12:50:24,311 [INFO    ] building sources in /Users/kamyar/.cryptotvgen/supercop/crypto_aead/ascon128av12/aadomn/opt32
2022-06-22 12:50:24,312 [INFO    ] building sources in /Users/kamyar/.cryptotvgen/supercop/crypto_aead/ascon128v11/ref
2022-06-22 12:50:24,385 [INFO    ] building sources in /Users/kamyar/.cryptotvgen/supercop/crypto_aead/ascon128v11/aadomn/opt32
2022-06-22 12:50:24,386 [INFO    ] building sources in /Users/kamyar/.cryptotvgen/supercop/crypto_hash/knot256v2/ref
2022-06-22 12:50:24,453 [INFO    ] building sources in /Users/kamyar/.cryptotvgen/supercop/crypto_hash/knot256v2/aadomn/opt32
2022-06-22 12:50:24,453 [INFO    ] building sources in /Users/kamyar/.cryptotvgen/supercop/crypto_aead/knot128v1/ref
2022-06-22 12:50:24,517 [INFO    ] building sources in /Users/kamyar/.cryptotvgen/supercop/crypto_aead/knot128v1/aadomn/opt32
2022-06-22 12:50:24,518 [INFO    ] building sources in /Users/kamyar/.cryptotvgen/supercop/crypto_aead/sundaegift0v1/ref
2022-06-22 12:50:24,626 [INFO    ] building sources in /Users/kamyar/.cryptotvgen/supercop/crypto_aead/sundaegift0v1/aadomn/opt32
2022-06-22 12:50:24,626 [INFO    ] building sources in /Users/kamyar/.cryptotvgen/supercop/crypto_aead/pyjamask128aeadv1/ref
2022-06-22 12:50:24,708 [INFO    ] building sources in /Users/kamyar/.cryptotvgen/supercop/crypto_aead/pyjamask128aeadv1/aadomn/opt32
2022-06-22 12:50:24,708 [INFO    ] building sources in /Users/kamyar/.cryptotvgen/supercop/crypto_aead/elephant200v1/ref
2022-06-22 12:50:24,799 [INFO    ] building sources in /Users/kamyar/.cryptotvgen/supercop/crypto_aead/elephant200v1/aadomn/opt32
2022-06-22 12:50:24,799 [INFO    ] building sources in /Users/kamyar/.cryptotvgen/supercop/crypto_aead/oribatida256v11/ref
2022-06-22 12:50:24,893 [INFO    ] building sources in /Users/kamyar/.cryptotvgen/supercop/crypto_aead/oribatida256v11/aadomn/opt32
2022-06-22 12:50:24,893 [INFO    ] building sources in /Users/kamyar/.cryptotvgen/supercop/crypto_aead/ascon128bi32v12/ref
2022-06-22 12:50:24,972 [INFO    ] building sources in /Users/kamyar/.cryptotvgen/supercop/crypto_aead/ascon128bi32v12/aadomn/opt32
2022-06-22 12:50:24,972 [INFO    ] building sources in /Users/kamyar/.cryptotvgen/supercop/crypto_aead/schwaemm128128v1/ref
2022-06-22 12:50:25,091 [INFO    ] building sources in /Users/kamyar/.cryptotvgen/supercop/crypto_aead/schwaemm128128v1/aadomn/opt32
2022-06-22 12:50:25,091 [INFO    ] building sources in /Users/kamyar/.cryptotvgen/supercop/crypto_aead/ascon96v1/ref
2022-06-22 12:50:25,163 [INFO    ] building sources in /Users/kamyar/.cryptotvgen/supercop/crypto_aead/ascon96v1/aadomn/opt32
2022-06-22 12:50:25,163 [INFO    ] building sources in /Users/kamyar/.cryptotvgen/supercop/crypto_aead/isapk128av20/ref
2022-06-22 12:50:25,261 [INFO    ] building sources in /Users/kamyar/.cryptotvgen/supercop/crypto_aead/isapk128av20/aadomn/opt32
2022-06-22 12:50:25,261 [INFO    ] building sources in /Users/kamyar/.cryptotvgen/supercop/crypto_aead/romulusn2v1/ref
2022-06-22 12:50:25,364 [INFO    ] building sources in /Users/kamyar/.cryptotvgen/supercop/crypto_aead/romulusn2v1/aadomn/opt32
2022-06-22 12:50:25,364 [INFO    ] building sources in /Users/kamyar/.cryptotvgen/supercop/crypto_aead/grain128aead/ref
2022-06-22 12:50:25,447 [INFO    ] building sources in /Users/kamyar/.cryptotvgen/supercop/crypto_aead/grain128aead/aadomn/opt32
2022-06-22 12:50:25,447 [INFO    ] building sources in /Users/kamyar/.cryptotvgen/supercop/crypto_aead/elephant160v1/ref
2022-06-22 12:50:25,543 [INFO    ] building sources in /Users/kamyar/.cryptotvgen/supercop/crypto_aead/elephant160v1/aadomn/opt32
2022-06-22 12:50:25,544 [INFO    ] building sources in /Users/kamyar/.cryptotvgen/supercop/crypto_aead/ascon128v1/ref
2022-06-22 12:50:25,624 [INFO    ] building sources in /Users/kamyar/.cryptotvgen/supercop/crypto_aead/ascon128v1/aadomn/opt32
2022-06-22 12:50:25,624 [INFO    ] building sources in /Users/kamyar/.cryptotvgen/supercop/crypto_aead/photonbeetleaead128rate32v1/ref
2022-06-22 12:50:25,728 [INFO    ] building sources in /Users/kamyar/.cryptotvgen/supercop/crypto_aead/photonbeetleaead128rate32v1/aadomn/opt32
2022-06-22 12:50:25,728 [INFO    ] building sources in /Users/kamyar/.cryptotvgen/supercop/crypto_aead/romulusm1plusv13/ref
2022-06-22 12:50:25,728 [INFO    ] building sources in /Users/kamyar/.cryptotvgen/supercop/crypto_aead/romulusm1plusv13/aadomn/opt32
2022-06-22 12:50:25,882 [INFO    ] building sources in /Users/kamyar/.cryptotvgen/supercop/crypto_aead/spook128mu384v1/ref
2022-06-22 12:50:25,999 [INFO    ] building sources in /Users/kamyar/.cryptotvgen/supercop/crypto_aead/spook128mu384v1/aadomn/opt32
2022-06-22 12:50:25,999 [INFO    ] building sources in /Users/kamyar/.cryptotvgen/supercop/crypto_aead/sundaegift128v1/ref
2022-06-22 12:50:26,103 [INFO    ] building sources in /Users/kamyar/.cryptotvgen/supercop/crypto_aead/sundaegift128v1/aadomn/opt32
2022-06-22 12:50:26,104 [INFO    ] building sources in /Users/kamyar/.cryptotvgen/supercop/crypto_hash/knot256v1/ref
2022-06-22 12:50:26,168 [INFO    ] building sources in /Users/kamyar/.cryptotvgen/supercop/crypto_hash/knot256v1/aadomn/opt32
2022-06-22 12:50:26,168 [INFO    ] building sources in /Users/kamyar/.cryptotvgen/supercop/crypto_aead/romulusn/ref
2022-06-22 12:50:26,169 [INFO    ] building sources in /Users/kamyar/.cryptotvgen/supercop/crypto_aead/romulusn/aadomn/opt32
2022-06-22 12:50:26,322 [INFO    ] building sources in /Users/kamyar/.cryptotvgen/supercop/crypto_aead/ascon128av11/ref
2022-06-22 12:50:26,391 [INFO    ] building sources in /Users/kamyar/.cryptotvgen/supercop/crypto_aead/ascon128av11/aadomn/opt32
2022-06-22 12:50:26,392 [INFO    ] building sources in /Users/kamyar/.cryptotvgen/supercop/crypto_aead/schwaemm192192v1/ref
2022-06-22 12:50:26,499 [INFO    ] building sources in /Users/kamyar/.cryptotvgen/supercop/crypto_aead/schwaemm192192v1/aadomn/opt32
2022-06-22 12:50:26,499 [INFO    ] building sources in /Users/kamyar/.cryptotvgen/supercop/crypto_aead/tinyjambu128/ref
2022-06-22 12:50:26,573 [INFO    ] building sources in /Users/kamyar/.cryptotvgen/supercop/crypto_aead/tinyjambu128/aadomn/opt32
2022-06-22 12:50:26,573 [INFO    ] building sources in /Users/kamyar/.cryptotvgen/supercop/crypto_aead/romulusn1plusv13/ref
2022-06-22 12:50:26,573 [INFO    ] building sources in /Users/kamyar/.cryptotvgen/supercop/crypto_aead/romulusn1plusv13/aadomn/opt32
2022-06-22 12:50:26,724 [INFO    ] building sources in /Users/kamyar/.cryptotvgen/supercop/crypto_aead/romulusn1v1/ref
2022-06-22 12:50:26,831 [INFO    ] building sources in /Users/kamyar/.cryptotvgen/supercop/crypto_aead/romulusn1v1/aadomn/opt32
2022-06-22 12:50:26,843 [INFO    ] building sources in /Users/kamyar/.cryptotvgen/supercop/crypto_aead/romulusm/ref
2022-06-22 12:50:26,843 [INFO    ] building sources in /Users/kamyar/.cryptotvgen/supercop/crypto_aead/romulusm/aadomn/opt32
2022-06-22 12:50:26,998 [INFO    ] building sources in /Users/kamyar/.cryptotvgen/supercop/crypto_hash/photonbeetlehash256rate32v1/ref
2022-06-22 12:50:27,083 [INFO    ] building sources in /Users/kamyar/.cryptotvgen/supercop/crypto_hash/photonbeetlehash256rate32v1/aadomn/opt32
2022-06-22 12:50:27,084 [INFO    ] building sources in /Users/kamyar/.cryptotvgen/supercop/crypto_aead/schwaemm256256v1/ref
2022-06-22 12:50:27,189 [INFO    ] building sources in /Users/kamyar/.cryptotvgen/supercop/crypto_aead/schwaemm256256v1/aadomn/opt32
2022-06-22 12:50:27,190 [INFO    ] building sources in /Users/kamyar/.cryptotvgen/supercop/crypto_aead/saeaes256a120t128v1/ref
2022-06-22 12:50:27,275 [INFO    ] building sources in /Users/kamyar/.cryptotvgen/supercop/crypto_aead/saeaes256a120t128v1/aadomn/opt32
2022-06-22 12:50:27,275 [INFO    ] building sources in /Users/kamyar/.cryptotvgen/supercop/crypto_aead/comet64speckv1/ref
2022-06-22 12:50:27,388 [INFO    ] building sources in /Users/kamyar/.cryptotvgen/supercop/crypto_aead/comet64speckv1/aadomn/opt32
2022-06-22 12:50:27,388 [INFO    ] building sources in /Users/kamyar/.cryptotvgen/supercop/crypto_hash/xoodyakv1/ref
2022-06-22 12:50:27,512 [INFO    ] building sources in /Users/kamyar/.cryptotvgen/supercop/crypto_hash/xoodyakv1/aadomn/opt32
2022-06-22 12:59:17,154 [WARNING ] --aead is specified, but --block_size or --block_size_ad are not set. Assuming default values of None, 512.
2022-06-22 13:00:30,771 [WARNING ] --aead is specified, but --block_size or --block_size_ad are not set. Assuming default values of 512, 512.
2022-06-22 13:01:13,170 [WARNING ] --aead is specified, but --block_size or --block_size_ad are not set. Assuming default values of 512, 512.
2022-06-22 13:03:20,417 [WARNING ] --aead is specified, but --block_size or --block_size_ad are not set. Assuming default values of None, 512.
2022-06-22 13:03:20,417 [WARNING ] --hash is specified, but --block_size_msg_digest is not set. Assuming default value of 512
2022-06-22 13:21:30,133 [WARNING ] --aead is specified, but --block_size or --block_size_ad are not set. Assuming default values of None, 512.
2022-06-22 13:21:30,134 [WARNING ] --hash is specified, but --block_size_msg_digest is not set. Assuming default value of 512
2022-06-22 13:25:00,454 [WARNING ] --aead is specified, but --block_size or --block_size_ad are not set. Assuming default values of 512, 512.
2022-06-22 13:25:00,454 [WARNING ] --hash is specified, but --block_size_msg_digest is not set. Assuming default value of 512
2022-06-22 13:27:13,091 [WARNING ] --aead is specified, but --block_size or --block_size_ad are not set. Assuming default values of 512, 512.
2022-06-22 13:27:13,091 [WARNING ] --hash is specified, but --block_size_msg_digest is not set. Assuming default value of 512
2022-06-22 13:28:48,307 [WARNING ] --aead is specified, but --block_size or --block_size_ad are not set. Assuming default values of 512, 512.
2022-06-22 13:28:48,307 [WARNING ] --hash is specified, but --block_size_msg_digest is not set. Assuming default value of 512
2022-06-22 13:35:34,467 [WARNING ] --aead is specified, but --block_size or --block_size_ad are not set. Assuming default values of 512, 512.
2022-06-22 13:35:34,467 [WARNING ] --hash is specified, but --block_size_msg_digest is not set. Assuming default value of 512
2022-11-01 13:04:15,948 [INFO    ] Trying to determine the latest version of SUPERCOP from https://bench.cr.yp.to/supercop.html...
2022-11-01 13:04:16,212 [INFO    ] Last-Modified timestamp from server: Fri, 28 Oct 2022 19:55:26 GMT
2022-11-01 13:04:16,213 [INFO    ] Latest version of SUPERCOP is 20221028 available from https://bench.cr.yp.to/supercop/supercop-20221028.tar.xz
2022-11-01 13:04:16,215 [INFO    ] Downloading supercop from https://bench.cr.yp.to/supercop/supercop-20221028.tar.xz
2022-11-01 13:04:20,227 [INFO    ] Download successfull! Archive saved to /Users/kamyar/.cryptotvgen/cache/supercop-20221028.tar.xz
2022-11-01 13:04:20,233 [INFO    ] decompressing archive and determining the list of files to extract...
2022-11-01 13:04:24,691 [INFO    ] extracting files...
2022-11-01 13:04:26,220 [INFO    ] extraction complete
2022-11-01 13:04:27,445 [INFO    ] moved sources to cryptotvgen data dir
2022-11-01 13:04:27,445 [INFO    ] building all libs in `crypto_aead` and `crypto_hash` subfolders of candidates_dir=/Users/kamyar/.cryptotvgen/supercop 
 variants={('knot128v2', 'aead'), ('elephant200v1', 'aead'), ('ascon128abi32v12', 'aead'), ('pyjamask96aeadv1', 'aead'), ('asconhashbi32v12', 'hash'), ('schwaemm256128v1', 'aead'), ('tinyjambu256', 'aead'), ('tinyjambu256v2', 'aead'), ('saeaes256a120t128v1', 'aead'), ('drygascon128k32', 'aead'), ('ascon128v11', 'aead'), ('romulust', 'aead'), ('knot256v1', 'hash'), ('saeaes192a120t128v1', 'aead'), ('paefforkskinnyb64t192n48v1', 'aead'), ('ascon128v1', 'aead'), ('spoc128sliscplight256v1', 'aead'), ('estatetweaes128v1', 'aead'), ('photonbeetlehash256rate32v1', 'hash'), ('ascon128av11', 'aead'), ('romulusn2v1', 'aead'), ('aceae128v1', 'aead'), ('saeaes128a120t128v1', 'aead'), ('saeaes128a64t128v1', 'aead'), ('elephant176v1', 'aead'), ('romulusn3v1', 'aead'), ('saturninctrcascadev2', 'aead'), ('skinnyaeadtk39664v1', 'aead'), ('saturninhashv2', 'hash'), ('romulusm2v1', 'aead'), ('tinyjambu192', 'aead'), ('skinnyaeadtk296128v1', 'aead'), ('skinnyaeadtk3128128v1', 'aead'), ('romulusn1v1', 'aead'), ('elephant176v2', 'aead'), ('drygascon128', 'hash'), ('paefforkskinnyb128t288n104v1', 'aead'), ('photonbeetleaead128rate32v1', 'aead'), ('skinnyaeadtk396128v1', 'aead'), ('ascon128av12', 'aead'), ('saeaes192a64t128v1', 'aead'), ('tinyjambu128v2', 'aead'), ('saeaes256a64t128v1', 'aead'), ('knot192', 'aead'), ('elephant160v1', 'aead'), ('photonbeetleaead128rate128v1', 'aead'), ('saeaes128a64t64v1', 'aead'), ('esch256v2', 'hash'), ('paefforkskinnyb128t192n48v1', 'aead'), ('esch384v2', 'hash'), ('romulusm3v1', 'aead'), ('pyjamask128aeadv1', 'aead'), ('comet128chamv1', 'aead'), ('romulusm1plusv13', 'aead'), ('schwaemm256256v2', 'aead'), ('gimli24v1', 'aead'), ('skinnyaeadtk29664v1', 'aead'), ('tinyjambu192v2', 'aead'), ('romulusm', 'aead'), ('isapk128v20', 'aead'), ('saeaes256a64t64v1', 'aead'), ('mixfeed', 'aead'), ('spoc64sliscplight192v1', 'aead'), ('schwaemm256256v1', 'aead'), ('knot256v2', 'hash'), ('romulusn', 'aead'), ('oribatida192v11', 'aead'), ('grain128aead', 'aead'), ('estatetwegift128v1', 'aead'), ('drygascon256k32', 'aead'), ('spook128su384v1', 'aead'), ('gimli24v1', 'hash'), ('isapk128av20', 'aead'), ('ascon128v12', 'aead'), ('subterraneanv1', 'aead'), ('twegift64locusaeadv1', 'aead'), ('hyenav1', 'aead'), ('ascon128bi32v12', 'aead'), ('romulusn1plusv13', 'aead'), ('wageae128v1', 'aead'), ('schwaemm256128v2', 'aead'), ('subterraneanv1', 'hash'), ('asconxofav12', 'hash'), ('isapa128av20', 'aead'), ('elephant200v2', 'aead'), ('asconhashv12', 'hash'), ('spook128mu512v1', 'aead'), ('romulusm1v1', 'aead'), ('tinyjambu128', 'aead'), ('elephant160v2', 'aead'), ('giftcofb128v1', 'aead'), ('spook128mu384v1', 'aead'), ('comet64chamv1', 'aead'), ('ascon96v1', 'aead'), ('ascon80pqv12', 'aead'), ('spook128su512v1', 'aead'), ('xoodyakv1', 'aead'), ('knot512', 'hash'), ('esch256v1', 'hash'), ('asconhashav12', 'hash'), ('schwaemm192192v1', 'aead'), ('paefforkskinnyb128t256n112v1', 'aead'), ('schwaemm128128v2', 'aead'), ('isapa128v20', 'aead'), ('skinnyhashtk2', 'hash'), ('drygascon128k56', 'aead'), ('skinnyhashtk3', 'hash'), ('comet128aesv1', 'aead'), ('orangezestv1', 'aead'), ('spix128v1', 'aead'), ('spook128su512v2', 'aead'), ('sundaegift96v1', 'aead'), ('twegift64lotusaeadv1', 'aead'), ('xoodyakv1', 'hash'), ('grain128aeadv2', 'aead'), ('sundaegift0v1', 'aead'), ('sundaegift64v1', 'aead'), ('saeaes192a64t64v1', 'aead'), ('asconhashabi32v12', 'hash'), ('acehash256v1', 'hash'), ('knot256', 'aead'), ('sundaegift128v1', 'aead'), ('skinnyaeadtk312864v1', 'aead'), ('comet64speckv1', 'aead'), ('oribatida256v11', 'aead'), ('drygascon128k16', 'aead'), ('spook128su384v2', 'aead'), ('knot384', 'hash'), ('skinnyaeadtk3128128plusv1', 'aead'), ('spook128mu384v2', 'aead'), ('schwaemm192192v2', 'aead'), ('isapxv20', 'aead'), ('asconxofv12', 'hash'), ('schwaemm128128v1', 'aead'), ('xoodyakround3', 'aead'), ('drygascon256', 'hash'), ('esch384v1', 'hash'), ('saeaes128a120t64v1', 'aead'), ('spook128mu512v2', 'aead'), ('knot128v1', 'aead')}
2022-11-01 13:04:27,445 [INFO    ] building sources in /Users/kamyar/.cryptotvgen/supercop/crypto_aead/knot128v2/ref
2022-11-01 13:04:27,672 [INFO    ] building sources in /Users/kamyar/.cryptotvgen/supercop/crypto_aead/knot128v2/aadomn/opt32
2022-11-01 13:04:27,672 [INFO    ] building sources in /Users/kamyar/.cryptotvgen/supercop/crypto_aead/elephant200v1/ref
2022-11-01 13:04:27,747 [INFO    ] building sources in /Users/kamyar/.cryptotvgen/supercop/crypto_aead/elephant200v1/aadomn/opt32
2022-11-01 13:04:27,747 [INFO    ] building sources in /Users/kamyar/.cryptotvgen/supercop/crypto_aead/ascon128abi32v12/ref
2022-11-01 13:04:27,814 [INFO    ] building sources in /Users/kamyar/.cryptotvgen/supercop/crypto_aead/ascon128abi32v12/aadomn/opt32
2022-11-01 13:04:27,814 [INFO    ] building sources in /Users/kamyar/.cryptotvgen/supercop/crypto_aead/pyjamask96aeadv1/ref
2022-11-01 13:04:27,882 [INFO    ] building sources in /Users/kamyar/.cryptotvgen/supercop/crypto_aead/pyjamask96aeadv1/aadomn/opt32
2022-11-01 13:04:27,883 [INFO    ] building sources in /Users/kamyar/.cryptotvgen/supercop/crypto_hash/asconhashbi32v12/ref
2022-11-01 13:04:27,947 [INFO    ] building sources in /Users/kamyar/.cryptotvgen/supercop/crypto_hash/asconhashbi32v12/aadomn/opt32
2022-11-01 13:04:27,948 [INFO    ] building sources in /Users/kamyar/.cryptotvgen/supercop/crypto_aead/schwaemm256128v1/ref
2022-11-01 13:04:28,035 [INFO    ] building sources in /Users/kamyar/.cryptotvgen/supercop/crypto_aead/schwaemm256128v1/aadomn/opt32
2022-11-01 13:04:28,035 [INFO    ] building sources in /Users/kamyar/.cryptotvgen/supercop/crypto_aead/tinyjambu256/ref
2022-11-01 13:04:28,090 [INFO    ] building sources in /Users/kamyar/.cryptotvgen/supercop/crypto_aead/tinyjambu256/aadomn/opt32
2022-11-01 13:04:28,091 [INFO    ] building sources in /Users/kamyar/.cryptotvgen/supercop/crypto_aead/tinyjambu256v2/ref
2022-11-01 13:04:28,142 [INFO    ] building sources in /Users/kamyar/.cryptotvgen/supercop/crypto_aead/tinyjambu256v2/aadomn/opt32
2022-11-01 13:04:28,142 [INFO    ] building sources in /Users/kamyar/.cryptotvgen/supercop/crypto_aead/saeaes256a120t128v1/ref
2022-11-01 13:04:28,208 [INFO    ] building sources in /Users/kamyar/.cryptotvgen/supercop/crypto_aead/saeaes256a120t128v1/aadomn/opt32
2022-11-01 13:04:28,208 [INFO    ] building sources in /Users/kamyar/.cryptotvgen/supercop/crypto_aead/drygascon128k32/ref
2022-11-01 13:04:28,267 [INFO    ] building sources in /Users/kamyar/.cryptotvgen/supercop/crypto_aead/drygascon128k32/aadomn/opt32
2022-11-01 13:04:28,267 [INFO    ] building sources in /Users/kamyar/.cryptotvgen/supercop/crypto_aead/ascon128v11/ref
2022-11-01 13:04:28,323 [INFO    ] building sources in /Users/kamyar/.cryptotvgen/supercop/crypto_aead/ascon128v11/aadomn/opt32
2022-11-01 13:04:28,323 [INFO    ] building sources in /Users/kamyar/.cryptotvgen/supercop/crypto_aead/romulust/ref
2022-11-01 13:04:28,415 [INFO    ] building sources in /Users/kamyar/.cryptotvgen/supercop/crypto_aead/romulust/aadomn/opt32
2022-11-01 13:04:28,423 [INFO    ] building sources in /Users/kamyar/.cryptotvgen/supercop/crypto_hash/knot256v1/ref
2022-11-01 13:04:28,476 [INFO    ] building sources in /Users/kamyar/.cryptotvgen/supercop/crypto_hash/knot256v1/aadomn/opt32
2022-11-01 13:04:28,476 [INFO    ] building sources in /Users/kamyar/.cryptotvgen/supercop/crypto_aead/saeaes192a120t128v1/ref
2022-11-01 13:04:28,540 [INFO    ] building sources in /Users/kamyar/.cryptotvgen/supercop/crypto_aead/saeaes192a120t128v1/aadomn/opt32
2022-11-01 13:04:28,540 [INFO    ] building sources in /Users/kamyar/.cryptotvgen/supercop/crypto_aead/paefforkskinnyb64t192n48v1/ref
2022-11-01 13:04:28,674 [INFO    ] building sources in /Users/kamyar/.cryptotvgen/supercop/crypto_aead/paefforkskinnyb64t192n48v1/aadomn/opt32
2022-11-01 13:04:28,674 [INFO    ] building sources in /Users/kamyar/.cryptotvgen/supercop/crypto_aead/ascon128v1/ref
2022-11-01 13:04:28,731 [INFO    ] building sources in /Users/kamyar/.cryptotvgen/supercop/crypto_aead/ascon128v1/aadomn/opt32
2022-11-01 13:04:28,731 [INFO    ] building sources in /Users/kamyar/.cryptotvgen/supercop/crypto_aead/spoc128sliscplight256v1/ref
2022-11-01 13:04:28,806 [INFO    ] building sources in /Users/kamyar/.cryptotvgen/supercop/crypto_aead/spoc128sliscplight256v1/aadomn/opt32
2022-11-01 13:04:28,807 [INFO    ] building sources in /Users/kamyar/.cryptotvgen/supercop/crypto_aead/estatetweaes128v1/ref
2022-11-01 13:04:28,880 [INFO    ] building sources in /Users/kamyar/.cryptotvgen/supercop/crypto_aead/estatetweaes128v1/aadomn/opt32
2022-11-01 13:04:28,880 [INFO    ] building sources in /Users/kamyar/.cryptotvgen/supercop/crypto_hash/photonbeetlehash256rate32v1/ref
2022-11-01 13:04:28,954 [INFO    ] building sources in /Users/kamyar/.cryptotvgen/supercop/crypto_hash/photonbeetlehash256rate32v1/aadomn/opt32
2022-11-01 13:04:28,954 [INFO    ] building sources in /Users/kamyar/.cryptotvgen/supercop/crypto_aead/ascon128av11/ref
2022-11-01 13:04:29,010 [INFO    ] building sources in /Users/kamyar/.cryptotvgen/supercop/crypto_aead/ascon128av11/aadomn/opt32
2022-11-01 13:04:29,010 [INFO    ] building sources in /Users/kamyar/.cryptotvgen/supercop/crypto_aead/romulusn2v1/ref
2022-11-01 13:04:29,088 [INFO    ] building sources in /Users/kamyar/.cryptotvgen/supercop/crypto_aead/romulusn2v1/aadomn/opt32
2022-11-01 13:04:29,088 [INFO    ] building sources in /Users/kamyar/.cryptotvgen/supercop/crypto_aead/aceae128v1/ref
2022-11-01 13:04:29,162 [INFO    ] building sources in /Users/kamyar/.cryptotvgen/supercop/crypto_aead/aceae128v1/aadomn/opt32
2022-11-01 13:04:29,162 [INFO    ] building sources in /Users/kamyar/.cryptotvgen/supercop/crypto_aead/saeaes128a120t128v1/ref
2022-11-01 13:04:29,224 [INFO    ] building sources in /Users/kamyar/.cryptotvgen/supercop/crypto_aead/saeaes128a120t128v1/aadomn/opt32
2022-11-01 13:04:29,224 [INFO    ] building sources in /Users/kamyar/.cryptotvgen/supercop/crypto_aead/saeaes128a64t128v1/ref
2022-11-01 13:04:29,286 [INFO    ] building sources in /Users/kamyar/.cryptotvgen/supercop/crypto_aead/saeaes128a64t128v1/aadomn/opt32
2022-11-01 13:04:29,287 [INFO    ] building sources in /Users/kamyar/.cryptotvgen/supercop/crypto_aead/elephant176v1/ref
2022-11-01 13:04:29,355 [INFO    ] building sources in /Users/kamyar/.cryptotvgen/supercop/crypto_aead/elephant176v1/aadomn/opt32
2022-11-01 13:04:29,356 [INFO    ] building sources in /Users/kamyar/.cryptotvgen/supercop/crypto_aead/romulusn3v1/ref
2022-11-01 13:04:29,434 [INFO    ] building sources in /Users/kamyar/.cryptotvgen/supercop/crypto_aead/romulusn3v1/aadomn/opt32
2022-11-01 13:04:29,434 [INFO    ] building sources in /Users/kamyar/.cryptotvgen/supercop/crypto_aead/saturninctrcascadev2/ref
2022-11-01 13:04:29,502 [INFO    ] building sources in /Users/kamyar/.cryptotvgen/supercop/crypto_aead/saturninctrcascadev2/aadomn/opt32
2022-11-01 13:04:29,503 [INFO    ] building sources in /Users/kamyar/.cryptotvgen/supercop/crypto_aead/skinnyaeadtk39664v1/ref
2022-11-01 13:04:29,592 [INFO    ] building sources in /Users/kamyar/.cryptotvgen/supercop/crypto_aead/skinnyaeadtk39664v1/aadomn/opt32
2022-11-01 13:04:29,592 [INFO    ] building sources in /Users/kamyar/.cryptotvgen/supercop/crypto_hash/saturninhashv2/ref
2022-11-01 13:04:29,685 [INFO    ] building sources in /Users/kamyar/.cryptotvgen/supercop/crypto_hash/saturninhashv2/aadomn/opt32
2022-11-01 13:04:29,686 [INFO    ] building sources in /Users/kamyar/.cryptotvgen/supercop/crypto_aead/romulusm2v1/ref
2022-11-01 13:04:29,767 [INFO    ] building sources in /Users/kamyar/.cryptotvgen/supercop/crypto_aead/romulusm2v1/aadomn/opt32
2022-11-01 13:04:29,767 [INFO    ] building sources in /Users/kamyar/.cryptotvgen/supercop/crypto_aead/tinyjambu192/ref
2022-11-01 13:04:29,821 [INFO    ] building sources in /Users/kamyar/.cryptotvgen/supercop/crypto_aead/tinyjambu192/aadomn/opt32
2022-11-01 13:04:29,822 [INFO    ] building sources in /Users/kamyar/.cryptotvgen/supercop/crypto_aead/skinnyaeadtk296128v1/ref
2022-11-01 13:04:29,913 [INFO    ] building sources in /Users/kamyar/.cryptotvgen/supercop/crypto_aead/skinnyaeadtk296128v1/aadomn/opt32
2022-11-01 13:04:29,913 [INFO    ] building sources in /Users/kamyar/.cryptotvgen/supercop/crypto_aead/skinnyaeadtk3128128v1/ref
2022-11-01 13:04:30,004 [INFO    ] building sources in /Users/kamyar/.cryptotvgen/supercop/crypto_aead/skinnyaeadtk3128128v1/aadomn/opt32
2022-11-01 13:04:30,012 [INFO    ] building sources in /Users/kamyar/.cryptotvgen/supercop/crypto_aead/romulusn1v1/ref
2022-11-01 13:04:30,092 [INFO    ] building sources in /Users/kamyar/.cryptotvgen/supercop/crypto_aead/romulusn1v1/aadomn/opt32
2022-11-01 13:04:30,100 [INFO    ] building sources in /Users/kamyar/.cryptotvgen/supercop/crypto_aead/elephant176v2/ref
2022-11-01 13:04:30,172 [INFO    ] building sources in /Users/kamyar/.cryptotvgen/supercop/crypto_aead/elephant176v2/aadomn/opt32
2022-11-01 13:04:30,172 [INFO    ] building sources in /Users/kamyar/.cryptotvgen/supercop/crypto_hash/drygascon128/ref
2022-11-01 13:04:30,230 [INFO    ] building sources in /Users/kamyar/.cryptotvgen/supercop/crypto_hash/drygascon128/aadomn/opt32
2022-11-01 13:04:30,231 [INFO    ] building sources in /Users/kamyar/.cryptotvgen/supercop/crypto_aead/paefforkskinnyb128t288n104v1/ref
2022-11-01 13:04:30,341 [INFO    ] building sources in /Users/kamyar/.cryptotvgen/supercop/crypto_aead/paefforkskinnyb128t288n104v1/aadomn/opt32
2022-11-01 13:04:30,341 [INFO    ] building sources in /Users/kamyar/.cryptotvgen/supercop/crypto_aead/photonbeetleaead128rate32v1/ref
2022-11-01 13:04:30,416 [INFO    ] building sources in /Users/kamyar/.cryptotvgen/supercop/crypto_aead/photonbeetleaead128rate32v1/aadomn/opt32
2022-11-01 13:04:30,416 [INFO    ] building sources in /Users/kamyar/.cryptotvgen/supercop/crypto_aead/skinnyaeadtk396128v1/ref
2022-11-01 13:04:30,506 [INFO    ] building sources in /Users/kamyar/.cryptotvgen/supercop/crypto_aead/skinnyaeadtk396128v1/aadomn/opt32
2022-11-01 13:04:30,506 [INFO    ] building sources in /Users/kamyar/.cryptotvgen/supercop/crypto_aead/ascon128av12/ref
2022-11-01 13:04:30,570 [INFO    ] building sources in /Users/kamyar/.cryptotvgen/supercop/crypto_aead/ascon128av12/aadomn/opt32
2022-11-01 13:04:30,570 [INFO    ] building sources in /Users/kamyar/.cryptotvgen/supercop/crypto_aead/saeaes192a64t128v1/ref
2022-11-01 13:04:30,634 [INFO    ] building sources in /Users/kamyar/.cryptotvgen/supercop/crypto_aead/saeaes192a64t128v1/aadomn/opt32
2022-11-01 13:04:30,634 [INFO    ] building sources in /Users/kamyar/.cryptotvgen/supercop/crypto_aead/tinyjambu128v2/ref
2022-11-01 13:04:30,686 [INFO    ] building sources in /Users/kamyar/.cryptotvgen/supercop/crypto_aead/tinyjambu128v2/aadomn/opt32
2022-11-01 13:04:30,686 [INFO    ] building sources in /Users/kamyar/.cryptotvgen/supercop/crypto_aead/saeaes256a64t128v1/ref
2022-11-01 13:04:30,750 [INFO    ] building sources in /Users/kamyar/.cryptotvgen/supercop/crypto_aead/saeaes256a64t128v1/aadomn/opt32
2022-11-01 13:04:30,751 [INFO    ] building sources in /Users/kamyar/.cryptotvgen/supercop/crypto_aead/knot192/ref
2022-11-01 13:04:30,808 [INFO    ] building sources in /Users/kamyar/.cryptotvgen/supercop/crypto_aead/knot192/aadomn/opt32
2022-11-01 13:04:30,808 [INFO    ] building sources in /Users/kamyar/.cryptotvgen/supercop/crypto_aead/elephant160v1/ref
2022-11-01 13:04:30,877 [INFO    ] building sources in /Users/kamyar/.cryptotvgen/supercop/crypto_aead/elephant160v1/aadomn/opt32
2022-11-01 13:04:30,877 [INFO    ] building sources in /Users/kamyar/.cryptotvgen/supercop/crypto_aead/photonbeetleaead128rate128v1/ref
2022-11-01 13:04:30,950 [INFO    ] building sources in /Users/kamyar/.cryptotvgen/supercop/crypto_aead/photonbeetleaead128rate128v1/aadomn/opt32
2022-11-01 13:04:30,950 [INFO    ] building sources in /Users/kamyar/.cryptotvgen/supercop/crypto_aead/saeaes128a64t64v1/ref
2022-11-01 13:04:31,013 [INFO    ] building sources in /Users/kamyar/.cryptotvgen/supercop/crypto_aead/saeaes128a64t64v1/aadomn/opt32
2022-11-01 13:04:31,013 [INFO    ] building sources in /Users/kamyar/.cryptotvgen/supercop/crypto_hash/esch256v2/ref
2022-11-01 13:04:31,081 [INFO    ] building sources in /Users/kamyar/.cryptotvgen/supercop/crypto_hash/esch256v2/aadomn/opt32
2022-11-01 13:04:31,081 [INFO    ] building sources in /Users/kamyar/.cryptotvgen/supercop/crypto_aead/paefforkskinnyb128t192n48v1/ref
2022-11-01 13:04:31,189 [INFO    ] building sources in /Users/kamyar/.cryptotvgen/supercop/crypto_aead/paefforkskinnyb128t192n48v1/aadomn/opt32
2022-11-01 13:04:31,190 [INFO    ] building sources in /Users/kamyar/.cryptotvgen/supercop/crypto_hash/esch384v2/ref
2022-11-01 13:04:31,258 [INFO    ] building sources in /Users/kamyar/.cryptotvgen/supercop/crypto_hash/esch384v2/aadomn/opt32
2022-11-01 13:04:31,258 [INFO    ] building sources in /Users/kamyar/.cryptotvgen/supercop/crypto_aead/romulusm3v1/ref
2022-11-01 13:04:31,338 [INFO    ] building sources in /Users/kamyar/.cryptotvgen/supercop/crypto_aead/romulusm3v1/aadomn/opt32
2022-11-01 13:04:31,338 [INFO    ] building sources in /Users/kamyar/.cryptotvgen/supercop/crypto_aead/pyjamask128aeadv1/ref
2022-11-01 13:04:31,405 [INFO    ] building sources in /Users/kamyar/.cryptotvgen/supercop/crypto_aead/pyjamask128aeadv1/aadomn/opt32
2022-11-01 13:04:31,405 [INFO    ] building sources in /Users/kamyar/.cryptotvgen/supercop/crypto_aead/comet128chamv1/ref
2022-11-01 13:04:31,489 [INFO    ] building sources in /Users/kamyar/.cryptotvgen/supercop/crypto_aead/comet128chamv1/aadomn/opt32
2022-11-01 13:04:31,489 [INFO    ] building sources in /Users/kamyar/.cryptotvgen/supercop/crypto_aead/romulusm1plusv13/ref
2022-11-01 13:04:31,489 [INFO    ] building sources in /Users/kamyar/.cryptotvgen/supercop/crypto_aead/romulusm1plusv13/aadomn/opt32
2022-11-01 13:04:31,604 [INFO    ] building sources in /Users/kamyar/.cryptotvgen/supercop/crypto_aead/schwaemm256256v2/ref
2022-11-01 13:04:31,675 [INFO    ] building sources in /Users/kamyar/.cryptotvgen/supercop/crypto_aead/schwaemm256256v2/aadomn/opt32
2022-11-01 13:04:31,676 [INFO    ] building sources in /Users/kamyar/.cryptotvgen/supercop/crypto_aead/gimli24v1/ref
2022-11-01 13:04:31,731 [INFO    ] building sources in /Users/kamyar/.cryptotvgen/supercop/crypto_aead/gimli24v1/aadomn/opt32
2022-11-01 13:04:31,731 [INFO    ] building sources in /Users/kamyar/.cryptotvgen/supercop/crypto_aead/skinnyaeadtk29664v1/ref
2022-11-01 13:04:31,821 [INFO    ] building sources in /Users/kamyar/.cryptotvgen/supercop/crypto_aead/skinnyaeadtk29664v1/aadomn/opt32
2022-11-01 13:04:31,821 [INFO    ] building sources in /Users/kamyar/.cryptotvgen/supercop/crypto_aead/tinyjambu192v2/ref
2022-11-01 13:04:31,873 [INFO    ] building sources in /Users/kamyar/.cryptotvgen/supercop/crypto_aead/tinyjambu192v2/aadomn/opt32
2022-11-01 13:04:31,873 [INFO    ] building sources in /Users/kamyar/.cryptotvgen/supercop/crypto_aead/romulusm/ref
2022-11-01 13:04:31,954 [INFO    ] building sources in /Users/kamyar/.cryptotvgen/supercop/crypto_aead/romulusm/aadomn/opt32
2022-11-01 13:04:31,963 [INFO    ] building sources in /Users/kamyar/.cryptotvgen/supercop/crypto_aead/isapk128v20/ref
2022-11-01 13:04:32,044 [INFO    ] building sources in /Users/kamyar/.cryptotvgen/supercop/crypto_aead/isapk128v20/aadomn/opt32
2022-11-01 13:04:32,044 [INFO    ] building sources in /Users/kamyar/.cryptotvgen/supercop/crypto_aead/saeaes256a64t64v1/ref
2022-11-01 13:04:32,108 [INFO    ] building sources in /Users/kamyar/.cryptotvgen/supercop/crypto_aead/saeaes256a64t64v1/aadomn/opt32
2022-11-01 13:04:32,108 [INFO    ] building sources in /Users/kamyar/.cryptotvgen/supercop/crypto_aead/mixfeed/ref
2022-11-01 13:04:32,164 [INFO    ] building sources in /Users/kamyar/.cryptotvgen/supercop/crypto_aead/mixfeed/aadomn/opt32
2022-11-01 13:04:32,164 [INFO    ] building sources in /Users/kamyar/.cryptotvgen/supercop/crypto_aead/spoc64sliscplight192v1/ref
2022-11-01 13:04:32,238 [INFO    ] building sources in /Users/kamyar/.cryptotvgen/supercop/crypto_aead/spoc64sliscplight192v1/aadomn/opt32
2022-11-01 13:04:32,238 [INFO    ] building sources in /Users/kamyar/.cryptotvgen/supercop/crypto_aead/schwaemm256256v1/ref
2022-11-01 13:04:32,321 [INFO    ] building sources in /Users/kamyar/.cryptotvgen/supercop/crypto_aead/schwaemm256256v1/aadomn/opt32
2022-11-01 13:04:32,321 [INFO    ] building sources in /Users/kamyar/.cryptotvgen/supercop/crypto_hash/knot256v2/ref
2022-11-01 13:04:32,376 [INFO    ] building sources in /Users/kamyar/.cryptotvgen/supercop/crypto_hash/knot256v2/aadomn/opt32
2022-11-01 13:04:32,377 [INFO    ] building sources in /Users/kamyar/.cryptotvgen/supercop/crypto_aead/romulusn/ref
2022-11-01 13:04:32,466 [INFO    ] building sources in /Users/kamyar/.cryptotvgen/supercop/crypto_aead/romulusn/aadomn/opt32
2022-11-01 13:04:32,476 [INFO    ] building sources in /Users/kamyar/.cryptotvgen/supercop/crypto_aead/oribatida192v11/ref
2022-11-01 13:04:32,540 [INFO    ] building sources in /Users/kamyar/.cryptotvgen/supercop/crypto_aead/oribatida192v11/aadomn/opt32
2022-11-01 13:04:32,541 [INFO    ] building sources in /Users/kamyar/.cryptotvgen/supercop/crypto_aead/grain128aead/ref
2022-11-01 13:04:32,599 [INFO    ] building sources in /Users/kamyar/.cryptotvgen/supercop/crypto_aead/grain128aead/aadomn/opt32
2022-11-01 13:04:32,599 [INFO    ] building sources in /Users/kamyar/.cryptotvgen/supercop/crypto_aead/estatetwegift128v1/ref
2022-11-01 13:04:32,671 [INFO    ] building sources in /Users/kamyar/.cryptotvgen/supercop/crypto_aead/estatetwegift128v1/aadomn/opt32
2022-11-01 13:04:32,671 [INFO    ] building sources in /Users/kamyar/.cryptotvgen/supercop/crypto_aead/drygascon256k32/ref
2022-11-01 13:04:32,739 [INFO    ] building sources in /Users/kamyar/.cryptotvgen/supercop/crypto_aead/drygascon256k32/aadomn/opt32
2022-11-01 13:04:32,739 [INFO    ] building sources in /Users/kamyar/.cryptotvgen/supercop/crypto_aead/spook128su384v1/ref
2022-11-01 13:04:32,830 [INFO    ] building sources in /Users/kamyar/.cryptotvgen/supercop/crypto_aead/spook128su384v1/aadomn/opt32
2022-11-01 13:04:32,830 [INFO    ] building sources in /Users/kamyar/.cryptotvgen/supercop/crypto_hash/gimli24v1/ref
2022-11-01 13:04:32,885 [INFO    ] building sources in /Users/kamyar/.cryptotvgen/supercop/crypto_hash/gimli24v1/aadomn/opt32
2022-11-01 13:04:32,885 [INFO    ] building sources in /Users/kamyar/.cryptotvgen/supercop/crypto_aead/isapk128av20/ref
2022-11-01 13:04:32,969 [INFO    ] building sources in /Users/kamyar/.cryptotvgen/supercop/crypto_aead/isapk128av20/aadomn/opt32
2022-11-01 13:04:32,969 [INFO    ] building sources in /Users/kamyar/.cryptotvgen/supercop/crypto_aead/ascon128v12/ref
2022-11-01 13:04:33,032 [INFO    ] building sources in /Users/kamyar/.cryptotvgen/supercop/crypto_aead/ascon128v12/aadomn/opt32
2022-11-01 13:04:33,033 [INFO    ] building sources in /Users/kamyar/.cryptotvgen/supercop/crypto_aead/subterraneanv1/ref
2022-11-01 13:04:33,107 [INFO    ] building sources in /Users/kamyar/.cryptotvgen/supercop/crypto_aead/subterraneanv1/aadomn/opt32
2022-11-01 13:04:33,107 [INFO    ] building sources in /Users/kamyar/.cryptotvgen/supercop/crypto_aead/twegift64locusaeadv1/ref
2022-11-01 13:04:33,182 [INFO    ] building sources in /Users/kamyar/.cryptotvgen/supercop/crypto_aead/twegift64locusaeadv1/aadomn/opt32
2022-11-01 13:04:33,183 [INFO    ] building sources in /Users/kamyar/.cryptotvgen/supercop/crypto_aead/hyenav1/ref
2022-11-01 13:04:33,257 [INFO    ] building sources in /Users/kamyar/.cryptotvgen/supercop/crypto_aead/hyenav1/aadomn/opt32
2022-11-01 13:04:33,257 [INFO    ] building sources in /Users/kamyar/.cryptotvgen/supercop/crypto_aead/ascon128bi32v12/ref
2022-11-01 13:04:33,320 [INFO    ] building sources in /Users/kamyar/.cryptotvgen/supercop/crypto_aead/ascon128bi32v12/aadomn/opt32
2022-11-01 13:04:33,320 [INFO    ] building sources in /Users/kamyar/.cryptotvgen/supercop/crypto_aead/romulusn1plusv13/ref
2022-11-01 13:04:33,320 [INFO    ] building sources in /Users/kamyar/.cryptotvgen/supercop/crypto_aead/romulusn1plusv13/aadomn/opt32
2022-11-01 13:04:33,436 [INFO    ] building sources in /Users/kamyar/.cryptotvgen/supercop/crypto_aead/wageae128v1/ref
2022-11-01 13:04:33,513 [INFO    ] building sources in /Users/kamyar/.cryptotvgen/supercop/crypto_aead/wageae128v1/aadomn/opt32
2022-11-01 13:04:33,513 [INFO    ] building sources in /Users/kamyar/.cryptotvgen/supercop/crypto_aead/schwaemm256128v2/ref
2022-11-01 13:04:33,585 [INFO    ] building sources in /Users/kamyar/.cryptotvgen/supercop/crypto_aead/schwaemm256128v2/aadomn/opt32
2022-11-01 13:04:33,585 [INFO    ] building sources in /Users/kamyar/.cryptotvgen/supercop/crypto_hash/subterraneanv1/ref
2022-11-01 13:04:33,658 [INFO    ] building sources in /Users/kamyar/.cryptotvgen/supercop/crypto_hash/subterraneanv1/aadomn/opt32
2022-11-01 13:04:33,658 [INFO    ] building sources in /Users/kamyar/.cryptotvgen/supercop/crypto_hash/asconxofav12/ref
2022-11-01 13:04:33,720 [INFO    ] building sources in /Users/kamyar/.cryptotvgen/supercop/crypto_hash/asconxofav12/aadomn/opt32
2022-11-01 13:04:33,720 [INFO    ] building sources in /Users/kamyar/.cryptotvgen/supercop/crypto_aead/isapa128av20/ref
2022-11-01 13:04:33,796 [INFO    ] building sources in /Users/kamyar/.cryptotvgen/supercop/crypto_aead/isapa128av20/aadomn/opt32
2022-11-01 13:04:33,796 [INFO    ] building sources in /Users/kamyar/.cryptotvgen/supercop/crypto_aead/elephant200v2/ref
2022-11-01 13:04:33,865 [INFO    ] building sources in /Users/kamyar/.cryptotvgen/supercop/crypto_aead/elephant200v2/aadomn/opt32
2022-11-01 13:04:33,865 [INFO    ] building sources in /Users/kamyar/.cryptotvgen/supercop/crypto_hash/asconhashv12/ref
2022-11-01 13:04:33,925 [INFO    ] building sources in /Users/kamyar/.cryptotvgen/supercop/crypto_hash/asconhashv12/aadomn/opt32
2022-11-01 13:04:33,926 [INFO    ] building sources in /Users/kamyar/.cryptotvgen/supercop/crypto_aead/spook128mu512v1/ref
2022-11-01 13:04:34,014 [INFO    ] building sources in /Users/kamyar/.cryptotvgen/supercop/crypto_aead/spook128mu512v1/aadomn/opt32
2022-11-01 13:04:34,014 [INFO    ] building sources in /Users/kamyar/.cryptotvgen/supercop/crypto_aead/romulusm1v1/ref
2022-11-01 13:04:34,093 [INFO    ] building sources in /Users/kamyar/.cryptotvgen/supercop/crypto_aead/romulusm1v1/aadomn/opt32
2022-11-01 13:04:34,101 [INFO    ] building sources in /Users/kamyar/.cryptotvgen/supercop/crypto_aead/tinyjambu128/ref
2022-11-01 13:04:34,158 [INFO    ] building sources in /Users/kamyar/.cryptotvgen/supercop/crypto_aead/tinyjambu128/aadomn/opt32
2022-11-01 13:04:34,158 [INFO    ] building sources in /Users/kamyar/.cryptotvgen/supercop/crypto_aead/elephant160v2/ref
2022-11-01 13:04:34,228 [INFO    ] building sources in /Users/kamyar/.cryptotvgen/supercop/crypto_aead/elephant160v2/aadomn/opt32
2022-11-01 13:04:34,228 [INFO    ] building sources in /Users/kamyar/.cryptotvgen/supercop/crypto_aead/giftcofb128v1/ref
2022-11-01 13:04:34,296 [INFO    ] building sources in /Users/kamyar/.cryptotvgen/supercop/crypto_aead/giftcofb128v1/aadomn/opt32
2022-11-01 13:04:34,304 [INFO    ] building sources in /Users/kamyar/.cryptotvgen/supercop/crypto_aead/spook128mu384v1/ref
2022-11-01 13:04:34,393 [INFO    ] building sources in /Users/kamyar/.cryptotvgen/supercop/crypto_aead/spook128mu384v1/aadomn/opt32
2022-11-01 13:04:34,394 [INFO    ] building sources in /Users/kamyar/.cryptotvgen/supercop/crypto_aead/comet64chamv1/ref
2022-11-01 13:04:34,479 [INFO    ] building sources in /Users/kamyar/.cryptotvgen/supercop/crypto_aead/comet64chamv1/aadomn/opt32
2022-11-01 13:04:34,479 [INFO    ] building sources in /Users/kamyar/.cryptotvgen/supercop/crypto_aead/ascon96v1/ref
2022-11-01 13:04:34,537 [INFO    ] building sources in /Users/kamyar/.cryptotvgen/supercop/crypto_aead/ascon96v1/aadomn/opt32
2022-11-01 13:04:34,537 [INFO    ] building sources in /Users/kamyar/.cryptotvgen/supercop/crypto_aead/ascon80pqv12/ref
2022-11-01 13:04:34,600 [INFO    ] building sources in /Users/kamyar/.cryptotvgen/supercop/crypto_aead/ascon80pqv12/aadomn/opt32
2022-11-01 13:04:34,600 [INFO    ] building sources in /Users/kamyar/.cryptotvgen/supercop/crypto_aead/spook128su512v1/ref
2022-11-01 13:04:34,688 [INFO    ] building sources in /Users/kamyar/.cryptotvgen/supercop/crypto_aead/spook128su512v1/aadomn/opt32
2022-11-01 13:04:34,689 [INFO    ] building sources in /Users/kamyar/.cryptotvgen/supercop/crypto_aead/xoodyakv1/ref
2022-11-01 13:04:34,773 [INFO    ] building sources in /Users/kamyar/.cryptotvgen/supercop/crypto_aead/xoodyakv1/aadomn/opt32
2022-11-01 13:04:34,774 [INFO    ] building sources in /Users/kamyar/.cryptotvgen/supercop/crypto_hash/knot512/ref
2022-11-01 13:04:34,824 [INFO    ] building sources in /Users/kamyar/.cryptotvgen/supercop/crypto_hash/knot512/aadomn/opt32
2022-11-01 13:04:34,824 [INFO    ] building sources in /Users/kamyar/.cryptotvgen/supercop/crypto_hash/esch256v1/ref
2022-11-01 13:04:34,894 [INFO    ] building sources in /Users/kamyar/.cryptotvgen/supercop/crypto_hash/esch256v1/aadomn/opt32
2022-11-01 13:04:34,894 [INFO    ] building sources in /Users/kamyar/.cryptotvgen/supercop/crypto_hash/asconhashav12/ref
2022-11-01 13:04:34,956 [INFO    ] building sources in /Users/kamyar/.cryptotvgen/supercop/crypto_hash/asconhashav12/aadomn/opt32
2022-11-01 13:04:34,956 [INFO    ] building sources in /Users/kamyar/.cryptotvgen/supercop/crypto_aead/schwaemm192192v1/ref
2022-11-01 13:04:35,040 [INFO    ] building sources in /Users/kamyar/.cryptotvgen/supercop/crypto_aead/schwaemm192192v1/aadomn/opt32
2022-11-01 13:04:35,040 [INFO    ] building sources in /Users/kamyar/.cryptotvgen/supercop/crypto_aead/paefforkskinnyb128t256n112v1/ref
2022-11-01 13:04:35,149 [INFO    ] building sources in /Users/kamyar/.cryptotvgen/supercop/crypto_aead/paefforkskinnyb128t256n112v1/aadomn/opt32
2022-11-01 13:04:35,150 [INFO    ] building sources in /Users/kamyar/.cryptotvgen/supercop/crypto_aead/schwaemm128128v2/ref
2022-11-01 13:04:35,220 [INFO    ] building sources in /Users/kamyar/.cryptotvgen/supercop/crypto_aead/schwaemm128128v2/aadomn/opt32
2022-11-01 13:04:35,221 [INFO    ] building sources in /Users/kamyar/.cryptotvgen/supercop/crypto_aead/isapa128v20/ref
2022-11-01 13:04:35,297 [INFO    ] building sources in /Users/kamyar/.cryptotvgen/supercop/crypto_aead/isapa128v20/aadomn/opt32
2022-11-01 13:04:35,297 [INFO    ] building sources in /Users/kamyar/.cryptotvgen/supercop/crypto_hash/skinnyhashtk2/ref
2022-11-01 13:04:35,385 [INFO    ] building sources in /Users/kamyar/.cryptotvgen/supercop/crypto_hash/skinnyhashtk2/aadomn/opt32
2022-11-01 13:04:35,385 [INFO    ] building sources in /Users/kamyar/.cryptotvgen/supercop/crypto_aead/drygascon128k56/ref
2022-11-01 13:04:35,444 [INFO    ] building sources in /Users/kamyar/.cryptotvgen/supercop/crypto_aead/drygascon128k56/aadomn/opt32
2022-11-01 13:04:35,445 [INFO    ] building sources in /Users/kamyar/.cryptotvgen/supercop/crypto_hash/skinnyhashtk3/ref
2022-11-01 13:04:35,534 [INFO    ] building sources in /Users/kamyar/.cryptotvgen/supercop/crypto_hash/skinnyhashtk3/aadomn/opt32
2022-11-01 13:04:35,534 [INFO    ] building sources in /Users/kamyar/.cryptotvgen/supercop/crypto_aead/comet128aesv1/ref
2022-11-01 13:04:35,616 [INFO    ] building sources in /Users/kamyar/.cryptotvgen/supercop/crypto_aead/comet128aesv1/aadomn/opt32
2022-11-01 13:04:35,616 [INFO    ] building sources in /Users/kamyar/.cryptotvgen/supercop/crypto_aead/orangezestv1/ref
2022-11-01 13:04:35,676 [INFO    ] building sources in /Users/kamyar/.cryptotvgen/supercop/crypto_aead/orangezestv1/aadomn/opt32
2022-11-01 13:04:35,676 [INFO    ] building sources in /Users/kamyar/.cryptotvgen/supercop/crypto_aead/spix128v1/ref
2022-11-01 13:04:35,774 [INFO    ] building sources in /Users/kamyar/.cryptotvgen/supercop/crypto_aead/spix128v1/aadomn/opt32
2022-11-01 13:04:35,774 [INFO    ] building sources in /Users/kamyar/.cryptotvgen/supercop/crypto_aead/spook128su512v2/ref
2022-11-01 13:04:35,873 [INFO    ] building sources in /Users/kamyar/.cryptotvgen/supercop/crypto_aead/spook128su512v2/aadomn/opt32
2022-11-01 13:04:35,873 [INFO    ] building sources in /Users/kamyar/.cryptotvgen/supercop/crypto_aead/sundaegift96v1/ref
2022-11-01 13:04:35,966 [INFO    ] building sources in /Users/kamyar/.cryptotvgen/supercop/crypto_aead/sundaegift96v1/aadomn/opt32
2022-11-01 13:04:35,966 [INFO    ] building sources in /Users/kamyar/.cryptotvgen/supercop/crypto_aead/twegift64lotusaeadv1/ref
2022-11-01 13:04:36,047 [INFO    ] building sources in /Users/kamyar/.cryptotvgen/supercop/crypto_aead/twegift64lotusaeadv1/aadomn/opt32
2022-11-01 13:04:36,047 [INFO    ] building sources in /Users/kamyar/.cryptotvgen/supercop/crypto_hash/xoodyakv1/ref
2022-11-01 13:04:36,135 [INFO    ] building sources in /Users/kamyar/.cryptotvgen/supercop/crypto_hash/xoodyakv1/aadomn/opt32
2022-11-01 13:04:36,135 [INFO    ] building sources in /Users/kamyar/.cryptotvgen/supercop/crypto_aead/grain128aeadv2/ref
2022-11-01 13:04:36,196 [INFO    ] building sources in /Users/kamyar/.cryptotvgen/supercop/crypto_aead/grain128aeadv2/aadomn/opt32
2022-11-01 13:04:36,196 [INFO    ] building sources in /Users/kamyar/.cryptotvgen/supercop/crypto_aead/sundaegift0v1/ref
2022-11-01 13:04:36,277 [INFO    ] building sources in /Users/kamyar/.cryptotvgen/supercop/crypto_aead/sundaegift0v1/aadomn/opt32
2022-11-01 13:04:36,277 [INFO    ] building sources in /Users/kamyar/.cryptotvgen/supercop/crypto_aead/sundaegift64v1/ref
2022-11-01 13:04:36,359 [INFO    ] building sources in /Users/kamyar/.cryptotvgen/supercop/crypto_aead/sundaegift64v1/aadomn/opt32
2022-11-01 13:04:36,359 [INFO    ] building sources in /Users/kamyar/.cryptotvgen/supercop/crypto_aead/saeaes192a64t64v1/ref
2022-11-01 13:04:36,428 [INFO    ] building sources in /Users/kamyar/.cryptotvgen/supercop/crypto_aead/saeaes192a64t64v1/aadomn/opt32
2022-11-01 13:04:36,428 [INFO    ] building sources in /Users/kamyar/.cryptotvgen/supercop/crypto_hash/asconhashabi32v12/ref
2022-11-01 13:04:36,503 [INFO    ] building sources in /Users/kamyar/.cryptotvgen/supercop/crypto_hash/asconhashabi32v12/aadomn/opt32
2022-11-01 13:04:36,504 [INFO    ] building sources in /Users/kamyar/.cryptotvgen/supercop/crypto_hash/acehash256v1/ref
2022-11-01 13:04:36,584 [INFO    ] building sources in /Users/kamyar/.cryptotvgen/supercop/crypto_hash/acehash256v1/aadomn/opt32
2022-11-01 13:04:36,585 [INFO    ] building sources in /Users/kamyar/.cryptotvgen/supercop/crypto_aead/knot256/ref
2022-11-01 13:04:36,643 [INFO    ] building sources in /Users/kamyar/.cryptotvgen/supercop/crypto_aead/knot256/aadomn/opt32
2022-11-01 13:04:36,644 [INFO    ] building sources in /Users/kamyar/.cryptotvgen/supercop/crypto_aead/sundaegift128v1/ref
2022-11-01 13:04:36,732 [INFO    ] building sources in /Users/kamyar/.cryptotvgen/supercop/crypto_aead/sundaegift128v1/aadomn/opt32
2022-11-01 13:04:36,732 [INFO    ] building sources in /Users/kamyar/.cryptotvgen/supercop/crypto_aead/skinnyaeadtk312864v1/ref
2022-11-01 13:04:36,826 [INFO    ] building sources in /Users/kamyar/.cryptotvgen/supercop/crypto_aead/skinnyaeadtk312864v1/aadomn/opt32
2022-11-01 13:04:36,826 [INFO    ] building sources in /Users/kamyar/.cryptotvgen/supercop/crypto_aead/comet64speckv1/ref
2022-11-01 13:04:36,910 [INFO    ] building sources in /Users/kamyar/.cryptotvgen/supercop/crypto_aead/comet64speckv1/aadomn/opt32
2022-11-01 13:04:36,910 [INFO    ] building sources in /Users/kamyar/.cryptotvgen/supercop/crypto_aead/oribatida256v11/ref
2022-11-01 13:04:36,989 [INFO    ] building sources in /Users/kamyar/.cryptotvgen/supercop/crypto_aead/oribatida256v11/aadomn/opt32
2022-11-01 13:04:36,989 [INFO    ] building sources in /Users/kamyar/.cryptotvgen/supercop/crypto_aead/drygascon128k16/ref
2022-11-01 13:04:37,052 [INFO    ] building sources in /Users/kamyar/.cryptotvgen/supercop/crypto_aead/drygascon128k16/aadomn/opt32
2022-11-01 13:04:37,052 [INFO    ] building sources in /Users/kamyar/.cryptotvgen/supercop/crypto_aead/spook128su384v2/ref
2022-11-01 13:04:37,143 [INFO    ] building sources in /Users/kamyar/.cryptotvgen/supercop/crypto_aead/spook128su384v2/aadomn/opt32
2022-11-01 13:04:37,143 [INFO    ] building sources in /Users/kamyar/.cryptotvgen/supercop/crypto_hash/knot384/ref
2022-11-01 13:04:37,197 [INFO    ] building sources in /Users/kamyar/.cryptotvgen/supercop/crypto_hash/knot384/aadomn/opt32
2022-11-01 13:04:37,197 [INFO    ] building sources in /Users/kamyar/.cryptotvgen/supercop/crypto_aead/skinnyaeadtk3128128plusv1/ref
2022-11-01 13:04:37,197 [INFO    ] building sources in /Users/kamyar/.cryptotvgen/supercop/crypto_aead/skinnyaeadtk3128128plusv1/aadomn/opt32
2022-11-01 13:04:37,300 [INFO    ] building sources in /Users/kamyar/.cryptotvgen/supercop/crypto_aead/spook128mu384v2/ref
2022-11-01 13:04:37,388 [INFO    ] building sources in /Users/kamyar/.cryptotvgen/supercop/crypto_aead/spook128mu384v2/aadomn/opt32
2022-11-01 13:04:37,388 [INFO    ] building sources in /Users/kamyar/.cryptotvgen/supercop/crypto_aead/schwaemm192192v2/ref
2022-11-01 13:04:37,462 [INFO    ] building sources in /Users/kamyar/.cryptotvgen/supercop/crypto_aead/schwaemm192192v2/aadomn/opt32
2022-11-01 13:04:37,463 [INFO    ] building sources in /Users/kamyar/.cryptotvgen/supercop/crypto_aead/isapxv20/ref
2022-11-01 13:04:37,588 [INFO    ] building sources in /Users/kamyar/.cryptotvgen/supercop/crypto_aead/isapxv20/aadomn/opt32
2022-11-01 13:04:37,588 [INFO    ] building sources in /Users/kamyar/.cryptotvgen/supercop/crypto_hash/asconxofv12/ref
2022-11-01 13:04:37,701 [INFO    ] building sources in /Users/kamyar/.cryptotvgen/supercop/crypto_hash/asconxofv12/aadomn/opt32
2022-11-01 13:04:37,701 [INFO    ] building sources in /Users/kamyar/.cryptotvgen/supercop/crypto_aead/schwaemm128128v1/ref
2022-11-01 13:04:37,808 [INFO    ] building sources in /Users/kamyar/.cryptotvgen/supercop/crypto_aead/schwaemm128128v1/aadomn/opt32
2022-11-01 13:04:37,809 [INFO    ] building sources in /Users/kamyar/.cryptotvgen/supercop/crypto_aead/xoodyakround3/ref
2022-11-01 13:04:37,893 [INFO    ] building sources in /Users/kamyar/.cryptotvgen/supercop/crypto_aead/xoodyakround3/aadomn/opt32
2022-11-01 13:04:37,893 [INFO    ] building sources in /Users/kamyar/.cryptotvgen/supercop/crypto_hash/drygascon256/ref
2022-11-01 13:04:37,953 [INFO    ] building sources in /Users/kamyar/.cryptotvgen/supercop/crypto_hash/drygascon256/aadomn/opt32
2022-11-01 13:04:37,953 [INFO    ] building sources in /Users/kamyar/.cryptotvgen/supercop/crypto_hash/esch384v1/ref
2022-11-01 13:04:38,024 [INFO    ] building sources in /Users/kamyar/.cryptotvgen/supercop/crypto_hash/esch384v1/aadomn/opt32
2022-11-01 13:04:38,025 [INFO    ] building sources in /Users/kamyar/.cryptotvgen/supercop/crypto_aead/saeaes128a120t64v1/ref
2022-11-01 13:04:38,089 [INFO    ] building sources in /Users/kamyar/.cryptotvgen/supercop/crypto_aead/saeaes128a120t64v1/aadomn/opt32
2022-11-01 13:04:38,089 [INFO    ] building sources in /Users/kamyar/.cryptotvgen/supercop/crypto_aead/spook128mu512v2/ref
2022-11-01 13:04:38,185 [INFO    ] building sources in /Users/kamyar/.cryptotvgen/supercop/crypto_aead/spook128mu512v2/aadomn/opt32
2022-11-01 13:04:38,185 [INFO    ] building sources in /Users/kamyar/.cryptotvgen/supercop/crypto_aead/knot128v1/ref
2022-11-01 13:04:38,238 [INFO    ] building sources in /Users/kamyar/.cryptotvgen/supercop/crypto_aead/knot128v1/aadomn/opt32
